#
# There is insufficient memory for the Java Runtime Environment to continue.
# Native memory allocation (malloc) failed to allocate 214496 bytes for Chunk::new
# Possible reasons:
#   The system is out of physical RAM or swap space
#   The process is running with CompressedOops enabled, and the Java Heap may be blocking the growth of the native heap
# Possible solutions:
#   Reduce memory load on the system
#   Increase physical memory or swap space
#   Check if swap backing store is full
#   Decrease Java heap size (-Xmx/-Xms)
#   Decrease number of Java threads
#   Decrease Java thread stack sizes (-Xss)
#   Set larger code cache with -XX:ReservedCodeCacheSize=
#   JVM is running with Unscaled Compressed Oops mode in which the Java heap is
#     placed in the first 4GB address space. The Java Heap base address is the
#     maximum limit for the native heap growth. Please use -XX:HeapBaseMinAddress
#     to set the Java Heap base and to place the Java Heap above 4GB virtual address.
# This output file may be truncated or incomplete.
#
#  Out of Memory Error (arena.cpp:189), pid=16788, tid=17664
#
# JRE version: OpenJDK Runtime Environment Temurin-17.0.4.1+1 (17.0.4.1+1) (build 17.0.4.1+1)
# Java VM: OpenJDK 64-Bit Server VM Temurin-17.0.4.1+1 (17.0.4.1+1, mixed mode, tiered, compressed oops, compressed class ptrs, parallel gc, windows-amd64)
# No core dump will be written. Minidumps are not enabled by default on client versions of Windows
#

---------------  S U M M A R Y ------------

Command Line: --add-modules=ALL-SYSTEM --add-opens=java.base/java.util=ALL-UNNAMED --add-opens=java.base/java.lang=ALL-UNNAMED --add-opens=java.base/sun.nio.fs=ALL-UNNAMED -Declipse.application=org.eclipse.jdt.ls.core.id1 -Dosgi.bundles.defaultStartLevel=4 -Declipse.product=org.eclipse.jdt.ls.core.product -Djava.import.generatesMetadataFilesAtProjectRoot=false -Dfile.encoding=utf8 -DwatchParentProcess=false -XX:+UseParallelGC -XX:GCTimeRatio=4 -XX:AdaptiveSizePolicyWeight=90 -Dsun.zip.disableMemoryMapping=true -Xmx1G -Xms100m -Xlog:disable -javaagent:c:\Users\Rochelle Reyes\.vscode\extensions\redhat.java-1.11.0-win32-x64\lombok\lombok-1.18.24.jar -XX:+HeapDumpOnOutOfMemoryError -XX:HeapDumpPath=c:\Users\Rochelle Reyes\AppData\Roaming\Code\User\workspaceStorage\b2614a7c1d711d3cbabaa9c231bc65f0\redhat.java c:\Users\Rochelle Reyes\.vscode\extensions\redhat.java-1.11.0-win32-x64\server\plugins\org.eclipse.equinox.launcher_1.6.400.v20210924-0641.jar -configuration c:\Users\Rochelle Reyes\AppData\Roaming\Code\User\globalStorage\redhat.java\1.11.0\config_win -data c:\Users\Rochelle Reyes\AppData\Roaming\Code\User\workspaceStorage\b2614a7c1d711d3cbabaa9c231bc65f0\redhat.java\jdt_ws

Host: Intel(R) Core(TM) i5-5300U CPU @ 2.30GHz, 4 cores, 7G,  Windows 10 , 64 bit Build 18362 (10.0.18362.1110)
Time: Wed Feb  8 17:35:05 2023 Pacific Standard Time (Mexico) elapsed time: 17.952780 seconds (0d 0h 0m 17s)

---------------  T H R E A D  ---------------

Current thread (0x0000027feb4de580):  JavaThread "C2 CompilerThread1" daemon [_thread_in_native, id=17664, stack(0x000000e0a6700000,0x000000e0a6800000)]


Current CompileTask:
C2:  17953 2135   !   4       java.util.jar.Attributes::read (498 bytes)

Stack: [0x000000e0a6700000,0x000000e0a6800000]
Native frames: (J=compiled Java code, j=interpreted, Vv=VM code, C=native code)
V  [jvm.dll+0x67731a]
V  [jvm.dll+0x832284]
V  [jvm.dll+0x833a2e]
V  [jvm.dll+0x834093]
V  [jvm.dll+0x245775]
V  [jvm.dll+0xabd7b]
V  [jvm.dll+0xac30c]
V  [jvm.dll+0x2ac80f]
V  [jvm.dll+0x57dd77]
V  [jvm.dll+0x220892]
V  [jvm.dll+0x21a182]
V  [jvm.dll+0x21799b]
V  [jvm.dll+0x1a3f8d]
V  [jvm.dll+0x227498]
V  [jvm.dll+0x2255e5]
V  [jvm.dll+0x7e7e9b]
V  [jvm.dll+0x7e240a]
V  [jvm.dll+0x6761a5]
C  [ucrtbase.dll+0x210b2]
C  [KERNEL32.DLL+0x17c24]
C  [ntdll.dll+0x6d4d1]


---------------  P R O C E S S  ---------------

Threads class SMR info:
_java_thread_list=0x0000027feae1b170, length=21, elements={
0x0000027fd515a6b0, 0x0000027fd521d510, 0x0000027fd521e660, 0x0000027fe8fa7270,
0x0000027fe8fa7df0, 0x0000027fe8fa8970, 0x0000027fe8fab250, 0x0000027fe8fabef0,
0x0000027fea919910, 0x0000027fea9245c0, 0x0000027fd51bca00, 0x0000027feabd0830,
0x0000027fead17370, 0x0000027fead17840, 0x0000027feb413250, 0x0000027feb413720,
0x0000027feaf04770, 0x0000027feafe50a0, 0x0000027feafe5570, 0x0000027feb44d0d0,
0x0000027feb4de580
}

Java Threads: ( => current thread )
  0x0000027fd515a6b0 JavaThread "main" [_thread_blocked, id=14664, stack(0x000000e0a4d00000,0x000000e0a4e00000)]
  0x0000027fd521d510 JavaThread "Reference Handler" daemon [_thread_blocked, id=15732, stack(0x000000e0a5000000,0x000000e0a5100000)]
  0x0000027fd521e660 JavaThread "Finalizer" daemon [_thread_blocked, id=6680, stack(0x000000e0a5100000,0x000000e0a5200000)]
  0x0000027fe8fa7270 JavaThread "Signal Dispatcher" daemon [_thread_blocked, id=16588, stack(0x000000e0a5200000,0x000000e0a5300000)]
  0x0000027fe8fa7df0 JavaThread "Attach Listener" daemon [_thread_blocked, id=5700, stack(0x000000e0a5300000,0x000000e0a5400000)]
  0x0000027fe8fa8970 JavaThread "Service Thread" daemon [_thread_blocked, id=13132, stack(0x000000e0a5400000,0x000000e0a5500000)]
  0x0000027fe8fab250 JavaThread "Monitor Deflation Thread" daemon [_thread_blocked, id=12200, stack(0x000000e0a5500000,0x000000e0a5600000)]
  0x0000027fe8fabef0 JavaThread "C2 CompilerThread0" daemon [_thread_in_native, id=15024, stack(0x000000e0a5600000,0x000000e0a5700000)]
  0x0000027fea919910 JavaThread "C1 CompilerThread0" daemon [_thread_blocked, id=4944, stack(0x000000e0a5700000,0x000000e0a5800000)]
  0x0000027fea9245c0 JavaThread "Sweeper thread" daemon [_thread_blocked, id=7240, stack(0x000000e0a5800000,0x000000e0a5900000)]
  0x0000027fd51bca00 JavaThread "Common-Cleaner" daemon [_thread_blocked, id=16132, stack(0x000000e0a5900000,0x000000e0a5a00000)]
  0x0000027feabd0830 JavaThread "Notification Thread" daemon [_thread_blocked, id=9996, stack(0x000000e0a5a00000,0x000000e0a5b00000)]
  0x0000027fead17370 JavaThread "Equinox resolver thread - Equinox Container: dbe10eb4-05c8-46ed-a857-ce5240d71d0a" daemon [_thread_blocked, id=7276, stack(0x000000e0a5f00000,0x000000e0a6000000)]
  0x0000027fead17840 JavaThread "Equinox resolver thread - Equinox Container: dbe10eb4-05c8-46ed-a857-ce5240d71d0a" daemon [_thread_blocked, id=17388, stack(0x000000e0a6000000,0x000000e0a6100000)]
  0x0000027feb413250 JavaThread "Equinox resolver thread - Equinox Container: dbe10eb4-05c8-46ed-a857-ce5240d71d0a" daemon [_thread_blocked, id=15500, stack(0x000000e0a6100000,0x000000e0a6200000)]
  0x0000027feb413720 JavaThread "Equinox resolver thread - Equinox Container: dbe10eb4-05c8-46ed-a857-ce5240d71d0a" daemon [_thread_blocked, id=8100, stack(0x000000e0a6200000,0x000000e0a6300000)]
  0x0000027feaf04770 JavaThread "Active Thread: Equinox Container: dbe10eb4-05c8-46ed-a857-ce5240d71d0a" [_thread_blocked, id=3124, stack(0x000000e0a6300000,0x000000e0a6400000)]
  0x0000027feafe50a0 JavaThread "Framework Event Dispatcher: Equinox Container: dbe10eb4-05c8-46ed-a857-ce5240d71d0a" daemon [_thread_blocked, id=8548, stack(0x000000e0a6400000,0x000000e0a6500000)]
  0x0000027feafe5570 JavaThread "Start Level: Equinox Container: dbe10eb4-05c8-46ed-a857-ce5240d71d0a" daemon [_thread_blocked, id=18140, stack(0x000000e0a6500000,0x000000e0a6600000)]
  0x0000027feb44d0d0 JavaThread "Refresh Thread: Equinox Container: dbe10eb4-05c8-46ed-a857-ce5240d71d0a" daemon [_thread_in_vm, id=16640, stack(0x000000e0a6600000,0x000000e0a6700000)]
=>0x0000027feb4de580 JavaThread "C2 CompilerThread1" daemon [_thread_in_native, id=17664, stack(0x000000e0a6700000,0x000000e0a6800000)]

Other Threads:
  0x0000027fd5217eb0 VMThread "VM Thread" [stack: 0x000000e0a4f00000,0x000000e0a5000000] [id=14616]
  0x0000027feab64000 WatcherThread [stack: 0x000000e0a5b00000,0x000000e0a5c00000] [id=5600]
  0x0000027fd51701e0 GCTaskThread "GC Thread#0" [stack: 0x000000e0a4e00000,0x000000e0a4f00000] [id=8416]
  0x0000027feafc4b80 GCTaskThread "GC Thread#1" [stack: 0x000000e0a5c00000,0x000000e0a5d00000] [id=7944]
  0x0000027feb131be0 GCTaskThread "GC Thread#2" [stack: 0x000000e0a5d00000,0x000000e0a5e00000] [id=8144]
  0x0000027feb42c240 GCTaskThread "GC Thread#3" [stack: 0x000000e0a5e00000,0x000000e0a5f00000] [id=14036]

Threads with active compile tasks:
C2 CompilerThread0    18199 2013       4       org.apache.felix.resolver.ResolverImpl::mergeUses (495 bytes)
C2 CompilerThread1    18199 2135   !   4       java.util.jar.Attributes::read (498 bytes)

VM state: not at safepoint (normal execution)

VM Mutex/Monitor currently owned by a thread:  ([mutex/lock_event])
[0x0000027fd5155270] Metaspace_lock - owner thread: 0x0000027feb44d0d0

Heap address: 0x00000000c0000000, size: 1024 MB, Compressed Oops mode: 32-bit

CDS archive(s) not mapped
Compressed class space mapped at: 0x0000000100000000-0x0000000140000000, reserved size: 1073741824
Narrow klass base: 0x0000000000000000, Narrow klass shift: 3, Narrow klass range: 0x140000000

GC Precious Log:
 CPUs: 4 total, 4 available
 Memory: 8082M
 Large Page Support: Disabled
 NUMA Support: Disabled
 Compressed Oops: Enabled (32-bit)
 Alignments: Space 512K, Generation 512K, Heap 2M
 Heap Min Capacity: 100M
 Heap Initial Capacity: 100M
 Heap Max Capacity: 1G
 Pre-touch: Disabled
 Parallel Workers: 4

Heap:
 PSYoungGen      total 29696K, used 5686K [0x00000000eab00000, 0x00000000ecc00000, 0x0000000100000000)
  eden space 25600K, 6% used [0x00000000eab00000,0x00000000eac959c0,0x00000000ec400000)
  from space 4096K, 99% used [0x00000000ec400000,0x00000000ec7f8100,0x00000000ec800000)
  to   space 4096K, 0% used [0x00000000ec800000,0x00000000ec800000,0x00000000ecc00000)
 ParOldGen       total 68608K, used 3776K [0x00000000c0000000, 0x00000000c4300000, 0x00000000eab00000)
  object space 68608K, 5% used [0x00000000c0000000,0x00000000c03b0330,0x00000000c4300000)
 Metaspace       used 14200K, committed 14336K, reserved 1064960K
  class space    used 1396K, committed 1472K, reserved 1048576K

Card table byte_map: [0x0000027fd4b00000,0x0000027fd4d10000] _byte_map_base: 0x0000027fd4500000

Marking Bits: (ParMarkBitMap*) 0x00007ffc65882cc0
 Begin Bits: [0x0000027fe6de0000, 0x0000027fe7de0000)
 End Bits:   [0x0000027fe7de0000, 0x0000027fe8de0000)

Polling page: 0x0000027fd30d0000

Metaspace:

Usage:
  Non-class:     12.50 MB used.
      Class:      1.36 MB used.
       Both:     13.87 MB used.

Virtual space:
  Non-class space:       16.00 MB reserved,      12.56 MB ( 79%) committed,  2 nodes.
      Class space:        1.00 GB reserved,       1.44 MB ( <1%) committed,  1 nodes.
             Both:        1.02 GB reserved,      14.00 MB (  1%) committed. 

Chunk freelists:
   Non-Class:  3.30 MB
       Class:  2.42 MB
        Both:  5.72 MB

MaxMetaspaceSize: unlimited
CompressedClassSpaceSize: 1.00 GB
Initial GC threshold: 21.00 MB
Current GC threshold: 21.00 MB
CDS: off
MetaspaceReclaimPolicy: balanced
 - commit_granule_bytes: 65536.
 - commit_granule_words: 8192.
 - virtual_space_node_default_size: 1048576.
 - enlarge_chunks_in_place: 1.
 - new_chunks_are_fully_committed: 0.
 - uncommit_free_chunks: 1.
 - use_allocation_guard: 0.
 - handle_deallocations: 1.


Internal statistics:

num_allocs_failed_limit: 0.
num_arena_births: 60.
num_arena_deaths: 0.
num_vsnodes_births: 3.
num_vsnodes_deaths: 0.
num_space_committed: 224.
num_space_uncommitted: 0.
num_chunks_returned_to_freelist: 0.
num_chunks_taken_from_freelist: 243.
num_chunk_merges: 0.
num_chunk_splits: 169.
num_chunks_enlarged: 142.
num_purges: 0.
num_inconsistent_stats: 0.

CodeHeap 'non-profiled nmethods': size=120000Kb used=816Kb max_used=816Kb free=119183Kb
 bounds [0x0000027fdf8b0000, 0x0000027fdfb20000, 0x0000027fe6de0000]
CodeHeap 'profiled nmethods': size=120000Kb used=4301Kb max_used=4301Kb free=115698Kb
 bounds [0x0000027fd8380000, 0x0000027fd87c0000, 0x0000027fdf8b0000]
CodeHeap 'non-nmethods': size=5760Kb used=1146Kb max_used=1174Kb free=4613Kb
 bounds [0x0000027fd7de0000, 0x0000027fd8050000, 0x0000027fd8380000]
 total_blobs=2569 nmethods=2131 adapters=352
 compilation: enabled
              stopped_count=0, restarted_count=0
 full_count=0

Compilation events (20 events):
Event: 17.847 Thread 0x0000027fea919910 nmethod 2130 0x0000027fd87af590 code [0x0000027fd87af720, 0x0000027fd87af868]
Event: 17.849 Thread 0x0000027feb4de580 nmethod 2109 0x0000027fdf979f90 code [0x0000027fdf97a200, 0x0000027fdf97af20]
Event: 17.850 Thread 0x0000027feb4de580 2123       4       org.eclipse.osgi.internal.container.NamespaceList$Builder$1::hasNext (66 bytes)
Event: 17.861 Thread 0x0000027fea919910 2134       3       jdk.internal.util.ArraysSupport::vectorizedMismatch (268 bytes)
Event: 17.863 Thread 0x0000027fea919910 nmethod 2134 0x0000027fd87af910 code [0x0000027fd87afae0, 0x0000027fd87aff38]
Event: 17.875 Thread 0x0000027feb4de580 nmethod 2123 0x0000027fdf97b910 code [0x0000027fdf97bac0, 0x0000027fdf97be18]
Event: 17.875 Thread 0x0000027feb4de580 2135   !   4       java.util.jar.Attributes::read (498 bytes)
Event: 17.893 Thread 0x0000027fea919910 2136       3       sun.security.util.DerValue::subs (75 bytes)
Event: 17.895 Thread 0x0000027fea919910 nmethod 2136 0x0000027fd87b0090 code [0x0000027fd87b02e0, 0x0000027fd87b0c98]
Event: 17.898 Thread 0x0000027fea919910 2137       3       java.math.BigInteger::implSquareToLen (154 bytes)
Event: 17.900 Thread 0x0000027fea919910 nmethod 2137 0x0000027fd87b1090 code [0x0000027fd87b1280, 0x0000027fd87b1728]
Event: 17.901 Thread 0x0000027fea919910 2138       3       java.math.BigInteger::shiftLeftImplWorker (43 bytes)
Event: 17.901 Thread 0x0000027fea919910 nmethod 2138 0x0000027fd87b1a90 code [0x0000027fd87b1c40, 0x0000027fd87b1e78]
Event: 17.905 Thread 0x0000027fea919910 2139       3       jdk.internal.reflect.ClassFileAssembler::setStack (25 bytes)
Event: 17.907 Thread 0x0000027fea919910 nmethod 2139 0x0000027fd87b2010 code [0x0000027fd87b21a0, 0x0000027fd87b22f8]
Event: 17.909 Thread 0x0000027fea919910 2140       3       sun.security.util.DerInputStream::getOID (8 bytes)
Event: 17.910 Thread 0x0000027fea919910 nmethod 2140 0x0000027fd87b2390 code [0x0000027fd87b2540, 0x0000027fd87b26d8]
Event: 17.923 Thread 0x0000027fea919910 2143       3       java.util.regex.Pattern$SliceI::match (96 bytes)
Event: 17.925 Thread 0x0000027fea919910 nmethod 2143 0x0000027fd87b2810 code [0x0000027fd87b2a00, 0x0000027fd87b3058]
Event: 17.943 Thread 0x0000027fea919910 2144       3       jdk.internal.misc.Unsafe::weakCompareAndSetReference (11 bytes)

GC Heap History (6 events):
Event: 9.959 GC heap before
{Heap before GC invocations=1 (full 0):
 PSYoungGen      total 29696K, used 25600K [0x00000000eab00000, 0x00000000ecc00000, 0x0000000100000000)
  eden space 25600K, 100% used [0x00000000eab00000,0x00000000ec400000,0x00000000ec400000)
  from space 4096K, 0% used [0x00000000ec800000,0x00000000ec800000,0x00000000ecc00000)
  to   space 4096K, 0% used [0x00000000ec400000,0x00000000ec400000,0x00000000ec800000)
 ParOldGen       total 68608K, used 0K [0x00000000c0000000, 0x00000000c4300000, 0x00000000eab00000)
  object space 68608K, 0% used [0x00000000c0000000,0x00000000c0000000,0x00000000c4300000)
 Metaspace       used 10822K, committed 10944K, reserved 1064960K
  class space    used 1085K, committed 1152K, reserved 1048576K
}
Event: 10.011 GC heap after
{Heap after GC invocations=1 (full 0):
 PSYoungGen      total 29696K, used 3160K [0x00000000eab00000, 0x00000000ecc00000, 0x0000000100000000)
  eden space 25600K, 0% used [0x00000000eab00000,0x00000000eab00000,0x00000000ec400000)
  from space 4096K, 77% used [0x00000000ec400000,0x00000000ec716218,0x00000000ec800000)
  to   space 4096K, 0% used [0x00000000ec800000,0x00000000ec800000,0x00000000ecc00000)
 ParOldGen       total 68608K, used 8K [0x00000000c0000000, 0x00000000c4300000, 0x00000000eab00000)
  object space 68608K, 0% used [0x00000000c0000000,0x00000000c0002000,0x00000000c4300000)
 Metaspace       used 10822K, committed 10944K, reserved 1064960K
  class space    used 1085K, committed 1152K, reserved 1048576K
}
Event: 14.588 GC heap before
{Heap before GC invocations=2 (full 0):
 PSYoungGen      total 29696K, used 28760K [0x00000000eab00000, 0x00000000ecc00000, 0x0000000100000000)
  eden space 25600K, 100% used [0x00000000eab00000,0x00000000ec400000,0x00000000ec400000)
  from space 4096K, 77% used [0x00000000ec400000,0x00000000ec716218,0x00000000ec800000)
  to   space 4096K, 0% used [0x00000000ec800000,0x00000000ec800000,0x00000000ecc00000)
 ParOldGen       total 68608K, used 8K [0x00000000c0000000, 0x00000000c4300000, 0x00000000eab00000)
  object space 68608K, 0% used [0x00000000c0000000,0x00000000c0002000,0x00000000c4300000)
 Metaspace       used 13578K, committed 13760K, reserved 1064960K
  class space    used 1353K, committed 1408K, reserved 1048576K
}
Event: 14.607 GC heap after
{Heap after GC invocations=2 (full 0):
 PSYoungGen      total 29696K, used 4086K [0x00000000eab00000, 0x00000000ecc00000, 0x0000000100000000)
  eden space 25600K, 0% used [0x00000000eab00000,0x00000000eab00000,0x00000000ec400000)
  from space 4096K, 99% used [0x00000000ec800000,0x00000000ecbfdaf0,0x00000000ecc00000)
  to   space 4096K, 0% used [0x00000000ec400000,0x00000000ec400000,0x00000000ec800000)
 ParOldGen       total 68608K, used 906K [0x00000000c0000000, 0x00000000c4300000, 0x00000000eab00000)
  object space 68608K, 1% used [0x00000000c0000000,0x00000000c00e2b60,0x00000000c4300000)
 Metaspace       used 13578K, committed 13760K, reserved 1064960K
  class space    used 1353K, committed 1408K, reserved 1048576K
}
Event: 17.792 GC heap before
{Heap before GC invocations=3 (full 0):
 PSYoungGen      total 29696K, used 29686K [0x00000000eab00000, 0x00000000ecc00000, 0x0000000100000000)
  eden space 25600K, 100% used [0x00000000eab00000,0x00000000ec400000,0x00000000ec400000)
  from space 4096K, 99% used [0x00000000ec800000,0x00000000ecbfdaf0,0x00000000ecc00000)
  to   space 4096K, 0% used [0x00000000ec400000,0x00000000ec400000,0x00000000ec800000)
 ParOldGen       total 68608K, used 906K [0x00000000c0000000, 0x00000000c4300000, 0x00000000eab00000)
  object space 68608K, 1% used [0x00000000c0000000,0x00000000c00e2b60,0x00000000c4300000)
 Metaspace       used 14132K, committed 14336K, reserved 1064960K
  class space    used 1392K, committed 1472K, reserved 1048576K
}
Event: 17.812 GC heap after
{Heap after GC invocations=3 (full 0):
 PSYoungGen      total 29696K, used 4064K [0x00000000eab00000, 0x00000000ecc00000, 0x0000000100000000)
  eden space 25600K, 0% used [0x00000000eab00000,0x00000000eab00000,0x00000000ec400000)
  from space 4096K, 99% used [0x00000000ec400000,0x00000000ec7f8100,0x00000000ec800000)
  to   space 4096K, 0% used [0x00000000ec800000,0x00000000ec800000,0x00000000ecc00000)
 ParOldGen       total 68608K, used 3776K [0x00000000c0000000, 0x00000000c4300000, 0x00000000eab00000)
  object space 68608K, 5% used [0x00000000c0000000,0x00000000c03b0330,0x00000000c4300000)
 Metaspace       used 14132K, committed 14336K, reserved 1064960K
  class space    used 1392K, committed 1472K, reserved 1048576K
}

Deoptimization events (20 events):
Event: 15.492 Thread 0x0000027fd515a6b0 DEOPT PACKING pc=0x0000027fd86a5ed6 sp=0x000000e0a4dfdc90
Event: 15.492 Thread 0x0000027fd515a6b0 DEOPT UNPACKING pc=0x0000027fd7e32843 sp=0x000000e0a4dfd118 mode 0
Event: 15.507 Thread 0x0000027fd515a6b0 Uncommon trap: trap_request=0xffffffcc fr.pc=0x0000027fdf950fc4 relative=0x0000000000000124
Event: 15.507 Thread 0x0000027fd515a6b0 Uncommon trap: reason=intrinsic_or_type_checked_inlining action=make_not_entrant pc=0x0000027fdf950fc4 method=java.util.ArrayList.toArray([Ljava/lang/Object;)[Ljava/lang/Object; @ 36 c2
Event: 15.507 Thread 0x0000027fd515a6b0 DEOPT PACKING pc=0x0000027fdf950fc4 sp=0x000000e0a4dfe070
Event: 15.507 Thread 0x0000027fd515a6b0 DEOPT UNPACKING pc=0x0000027fd7e320a3 sp=0x000000e0a4dfe010 mode 2
Event: 15.581 Thread 0x0000027fd515a6b0 Uncommon trap: trap_request=0xffffffdc fr.pc=0x0000027fdf951f20 relative=0x0000000000000280
Event: 15.581 Thread 0x0000027fd515a6b0 Uncommon trap: reason=class_check action=make_not_entrant pc=0x0000027fdf951f20 method=java.util.ArrayList.toArray([Ljava/lang/Object;)[Ljava/lang/Object; @ 21 c2
Event: 15.581 Thread 0x0000027fd515a6b0 DEOPT PACKING pc=0x0000027fdf951f20 sp=0x000000e0a4dfdc30
Event: 15.581 Thread 0x0000027fd515a6b0 DEOPT UNPACKING pc=0x0000027fd7e320a3 sp=0x000000e0a4dfdbf0 mode 2
Event: 16.149 Thread 0x0000027feb44d0d0 Uncommon trap: trap_request=0xffffff45 fr.pc=0x0000027fdf959c74 relative=0x00000000000000d4
Event: 16.149 Thread 0x0000027feb44d0d0 Uncommon trap: reason=unstable_if action=reinterpret pc=0x0000027fdf959c74 method=org.eclipse.osgi.internal.framework.FilterImpl$Parser.skipWhiteSpace()V @ 39 c2
Event: 16.149 Thread 0x0000027feb44d0d0 DEOPT PACKING pc=0x0000027fdf959c74 sp=0x000000e0a66fe8a0
Event: 16.149 Thread 0x0000027feb44d0d0 DEOPT UNPACKING pc=0x0000027fd7e320a3 sp=0x000000e0a66fe840 mode 2
Event: 16.782 Thread 0x0000027feb44d0d0 Uncommon trap: trap_request=0xffffff45 fr.pc=0x0000027fdf92aadc relative=0x000000000000023c
Event: 16.782 Thread 0x0000027feb44d0d0 Uncommon trap: reason=unstable_if action=reinterpret pc=0x0000027fdf92aadc method=java.util.concurrent.ConcurrentHashMap.get(Ljava/lang/Object;)Ljava/lang/Object; @ 86 c2
Event: 16.782 Thread 0x0000027feb44d0d0 DEOPT PACKING pc=0x0000027fdf92aadc sp=0x000000e0a66fe6b0
Event: 16.782 Thread 0x0000027feb44d0d0 DEOPT UNPACKING pc=0x0000027fd7e320a3 sp=0x000000e0a66fe628 mode 2
Event: 17.911 Thread 0x0000027feb44d0d0 DEOPT PACKING pc=0x0000027fd84913e1 sp=0x000000e0a66fd5a0
Event: 17.911 Thread 0x0000027feb44d0d0 DEOPT UNPACKING pc=0x0000027fd7e32843 sp=0x000000e0a66fca28 mode 0

Classes unloaded (0 events):
No events

Classes redefined (0 events):
No events

Internal exceptions (20 events):
Event: 15.809 Thread 0x0000027fd515a6b0 Exception <a 'java/lang/UnsatisfiedLinkError'{0x00000000eb8762c0}> (0x00000000eb8762c0) 
thrown [s\src\hotspot\share\prims\jni.cpp, line 516]
Event: 15.809 Thread 0x0000027fd515a6b0 Exception <a 'java/lang/UnsatisfiedLinkError'{0x00000000eb876798}: 'void org.eclipse.equinox.launcher.JNIBridge._update_splash()'> (0x00000000eb876798) 
thrown [s\src\hotspot\share\prims\nativeLookup.cpp, line 543]
Event: 15.842 Thread 0x0000027feb44d0d0 Exception <a 'java/lang/NoSuchMethodError'{0x00000000eb93b8e8}: 'java.lang.Object java.lang.invoke.Invokers$Holder.invokeExact_MT(java.lang.Object, java.lang.Object, java.lang.Object, java.lang.Object, java.lang.Object, java.lang.Object)'> (0x00000000eb93b8e8) 
thrown [s\src\hotspot\share\interpreter\linkResolver.cpp, line 759]
Event: 15.870 Thread 0x0000027fd515a6b0 Exception <a 'java/lang/UnsatisfiedLinkError'{0x00000000eb89ecb8}: 'void org.eclipse.equinox.launcher.JNIBridge._update_splash()'> (0x00000000eb89ecb8) 
thrown [s\src\hotspot\share\prims\nativeLookup.cpp, line 543]
Event: 15.942 Thread 0x0000027fd515a6b0 Exception <a 'java/lang/UnsatisfiedLinkError'{0x00000000eb89f1b0}: 'void org.eclipse.equinox.launcher.JNIBridge._update_splash()'> (0x00000000eb89f1b0) 
thrown [s\src\hotspot\share\prims\nativeLookup.cpp, line 543]
Event: 16.008 Thread 0x0000027fd515a6b0 Exception <a 'java/lang/UnsatisfiedLinkError'{0x00000000eb89f6a8}: 'void org.eclipse.equinox.launcher.JNIBridge._update_splash()'> (0x00000000eb89f6a8) 
thrown [s\src\hotspot\share\prims\nativeLookup.cpp, line 543]
Event: 16.094 Thread 0x0000027fd515a6b0 Exception <a 'java/lang/UnsatisfiedLinkError'{0x00000000eb89fba0}: 'void org.eclipse.equinox.launcher.JNIBridge._update_splash()'> (0x00000000eb89fba0) 
thrown [s\src\hotspot\share\prims\nativeLookup.cpp, line 543]
Event: 16.164 Thread 0x0000027fd515a6b0 Exception <a 'java/lang/UnsatisfiedLinkError'{0x00000000eb8a0098}: 'void org.eclipse.equinox.launcher.JNIBridge._update_splash()'> (0x00000000eb8a0098) 
thrown [s\src\hotspot\share\prims\nativeLookup.cpp, line 543]
Event: 16.236 Thread 0x0000027fd515a6b0 Exception <a 'java/lang/UnsatisfiedLinkError'{0x00000000eb8a0590}: 'void org.eclipse.equinox.launcher.JNIBridge._update_splash()'> (0x00000000eb8a0590) 
thrown [s\src\hotspot\share\prims\nativeLookup.cpp, line 543]
Event: 16.318 Thread 0x0000027fd515a6b0 Exception <a 'java/lang/UnsatisfiedLinkError'{0x00000000eb8a0a88}: 'void org.eclipse.equinox.launcher.JNIBridge._update_splash()'> (0x00000000eb8a0a88) 
thrown [s\src\hotspot\share\prims\nativeLookup.cpp, line 543]
Event: 16.411 Thread 0x0000027fd515a6b0 Exception <a 'java/lang/UnsatisfiedLinkError'{0x00000000eb8a0f80}: 'void org.eclipse.equinox.launcher.JNIBridge._update_splash()'> (0x00000000eb8a0f80) 
thrown [s\src\hotspot\share\prims\nativeLookup.cpp, line 543]
Event: 16.562 Thread 0x0000027fd515a6b0 Exception <a 'java/lang/UnsatisfiedLinkError'{0x00000000eb8a1478}: 'void org.eclipse.equinox.launcher.JNIBridge._update_splash()'> (0x00000000eb8a1478) 
thrown [s\src\hotspot\share\prims\nativeLookup.cpp, line 543]
Event: 16.776 Thread 0x0000027fd515a6b0 Exception <a 'java/lang/UnsatisfiedLinkError'{0x00000000eb8a1970}: 'void org.eclipse.equinox.launcher.JNIBridge._update_splash()'> (0x00000000eb8a1970) 
thrown [s\src\hotspot\share\prims\nativeLookup.cpp, line 543]
Event: 17.048 Thread 0x0000027fd515a6b0 Exception <a 'java/lang/UnsatisfiedLinkError'{0x00000000eb8a1e68}: 'void org.eclipse.equinox.launcher.JNIBridge._update_splash()'> (0x00000000eb8a1e68) 
thrown [s\src\hotspot\share\prims\nativeLookup.cpp, line 543]
Event: 17.200 Thread 0x0000027fd515a6b0 Exception <a 'java/lang/UnsatisfiedLinkError'{0x00000000eb8a2360}: 'void org.eclipse.equinox.launcher.JNIBridge._update_splash()'> (0x00000000eb8a2360) 
thrown [s\src\hotspot\share\prims\nativeLookup.cpp, line 543]
Event: 17.350 Thread 0x0000027fd515a6b0 Exception <a 'java/lang/UnsatisfiedLinkError'{0x00000000eb8a2858}: 'void org.eclipse.equinox.launcher.JNIBridge._update_splash()'> (0x00000000eb8a2858) 
thrown [s\src\hotspot\share\prims\nativeLookup.cpp, line 543]
Event: 17.481 Thread 0x0000027fd515a6b0 Exception <a 'java/lang/UnsatisfiedLinkError'{0x00000000eb8a2d50}: 'void org.eclipse.equinox.launcher.JNIBridge._update_splash()'> (0x00000000eb8a2d50) 
thrown [s\src\hotspot\share\prims\nativeLookup.cpp, line 543]
Event: 17.583 Thread 0x0000027fd515a6b0 Exception <a 'java/lang/UnsatisfiedLinkError'{0x00000000eb8a95b8}: 'void org.eclipse.equinox.launcher.JNIBridge._update_splash()'> (0x00000000eb8a95b8) 
thrown [s\src\hotspot\share\prims\nativeLookup.cpp, line 543]
Event: 17.708 Thread 0x0000027fd515a6b0 Exception <a 'java/lang/UnsatisfiedLinkError'{0x00000000eb8a9ab0}: 'void org.eclipse.equinox.launcher.JNIBridge._update_splash()'> (0x00000000eb8a9ab0) 
thrown [s\src\hotspot\share\prims\nativeLookup.cpp, line 543]
Event: 17.873 Thread 0x0000027fd515a6b0 Exception <a 'java/lang/UnsatisfiedLinkError'{0x00000000eabaece8}: 'void org.eclipse.equinox.launcher.JNIBridge._update_splash()'> (0x00000000eabaece8) 
thrown [s\src\hotspot\share\prims\nativeLookup.cpp, line 543]

VM Operations (20 events):
Event: 12.748 Executing VM operation: HandshakeAllThreads
Event: 12.749 Executing VM operation: HandshakeAllThreads done
Event: 12.749 Executing VM operation: Cleanup
Event: 12.749 Executing VM operation: Cleanup done
Event: 12.750 Executing VM operation: HandshakeAllThreads
Event: 12.750 Executing VM operation: HandshakeAllThreads done
Event: 13.751 Executing VM operation: Cleanup
Event: 13.751 Executing VM operation: Cleanup done
Event: 14.588 Executing VM operation: ParallelGCFailedAllocation
Event: 14.608 Executing VM operation: ParallelGCFailedAllocation done
Event: 15.609 Executing VM operation: Cleanup
Event: 15.609 Executing VM operation: Cleanup done
Event: 15.818 Executing VM operation: HandshakeAllThreads
Event: 15.819 Executing VM operation: HandshakeAllThreads done
Event: 16.250 Executing VM operation: HandshakeAllThreads
Event: 16.254 Executing VM operation: HandshakeAllThreads done
Event: 17.260 Executing VM operation: Cleanup
Event: 17.281 Executing VM operation: Cleanup done
Event: 17.792 Executing VM operation: ParallelGCFailedAllocation
Event: 17.812 Executing VM operation: ParallelGCFailedAllocation done

Events (20 events):
Event: 15.847 loading class java/util/Collections$ReverseComparator done
Event: 15.848 loading class java/util/Comparators$NaturalOrderComparator
Event: 15.848 loading class java/util/Comparators$NaturalOrderComparator done
Event: 15.848 loading class java/util/Collections$ReverseComparator2
Event: 15.849 loading class java/util/Collections$ReverseComparator2 done
Event: 15.872 loading class java/util/function/BiPredicate
Event: 15.872 loading class java/util/function/BiPredicate done
Event: 16.246 loading class java/util/TreeMap$EntrySet
Event: 16.246 loading class java/util/TreeMap$EntrySet done
Event: 16.247 loading class java/util/TreeMap$EntryIterator
Event: 16.247 loading class java/util/TreeMap$EntryIterator done
Event: 16.253 Thread 0x0000027feb4de580 Thread added: 0x0000027feb4de580
Event: 16.317 loading class java/util/AbstractList$Itr
Event: 16.318 loading class java/util/AbstractList$Itr done
Event: 16.319 loading class java/util/concurrent/ThreadLocalRandom
Event: 16.321 loading class java/util/concurrent/ThreadLocalRandom done
Event: 16.322 loading class jdk/internal/util/random/RandomSupport
Event: 16.323 loading class jdk/internal/util/random/RandomSupport done
Event: 16.777 Thread 0x0000027feb4de580 Thread exited: 0x0000027feb4de580
Event: 16.807 Thread 0x0000027feb4de580 Thread added: 0x0000027feb4de580


Dynamic libraries:
0x00007ff737d40000 - 0x00007ff737d4e000 	c:\Users\Rochelle Reyes\.vscode\extensions\redhat.java-1.11.0-win32-x64\jre\17.0.4.1-win32-x86_64\bin\java.exe
0x00007ffcad5e0000 - 0x00007ffcad7d0000 	C:\WINDOWS\SYSTEM32\ntdll.dll
0x00007ffc7b6d0000 - 0x00007ffc7b6e7000 	C:\Program Files\AVAST Software\Avast\aswhook.dll
0x00007ffcad430000 - 0x00007ffcad4e2000 	C:\WINDOWS\System32\KERNEL32.DLL
0x00007ffcab0d0000 - 0x00007ffcab375000 	C:\WINDOWS\System32\KERNELBASE.dll
0x00007ffcab410000 - 0x00007ffcab50a000 	C:\WINDOWS\System32\ucrtbase.dll
0x00007ffca23e0000 - 0x00007ffca23f8000 	c:\Users\Rochelle Reyes\.vscode\extensions\redhat.java-1.11.0-win32-x64\jre\17.0.4.1-win32-x86_64\bin\jli.dll
0x00007ffcabd50000 - 0x00007ffcabee4000 	C:\WINDOWS\System32\USER32.dll
0x00007ffcab510000 - 0x00007ffcab531000 	C:\WINDOWS\System32\win32u.dll
0x00007ffcad1b0000 - 0x00007ffcad1d6000 	C:\WINDOWS\System32\GDI32.dll
0x00007ffcaa7a0000 - 0x00007ffcaa936000 	C:\WINDOWS\System32\gdi32full.dll
0x00007ffcaa630000 - 0x00007ffcaa6ce000 	C:\WINDOWS\System32\msvcp_win.dll
0x00007ffca2550000 - 0x00007ffca2569000 	c:\Users\Rochelle Reyes\.vscode\extensions\redhat.java-1.11.0-win32-x64\jre\17.0.4.1-win32-x86_64\bin\VCRUNTIME140.dll
0x00007ffc9b8a0000 - 0x00007ffc9bb24000 	C:\WINDOWS\WinSxS\amd64_microsoft.windows.common-controls_6595b64144ccf1df_6.0.18362.1256_none_9e7e379be45e40e2\COMCTL32.dll
0x00007ffcad110000 - 0x00007ffcad1ae000 	C:\WINDOWS\System32\msvcrt.dll
0x00007ffcab730000 - 0x00007ffcaba66000 	C:\WINDOWS\System32\combase.dll
0x00007ffcac2c0000 - 0x00007ffcac3e0000 	C:\WINDOWS\System32\RPCRT4.dll
0x00007ffcab380000 - 0x00007ffcab401000 	C:\WINDOWS\System32\bcryptPrimitives.dll
0x00007ffcab700000 - 0x00007ffcab72e000 	C:\WINDOWS\System32\IMM32.DLL
0x00007ffca25e0000 - 0x00007ffca25ec000 	c:\Users\Rochelle Reyes\.vscode\extensions\redhat.java-1.11.0-win32-x64\jre\17.0.4.1-win32-x86_64\bin\vcruntime140_1.dll
0x00007ffc920e0000 - 0x00007ffc92171000 	c:\Users\Rochelle Reyes\.vscode\extensions\redhat.java-1.11.0-win32-x64\jre\17.0.4.1-win32-x86_64\bin\msvcp140.dll
0x00007ffc64d00000 - 0x00007ffc65946000 	c:\Users\Rochelle Reyes\.vscode\extensions\redhat.java-1.11.0-win32-x64\jre\17.0.4.1-win32-x86_64\bin\server\jvm.dll
0x00007ffcabb40000 - 0x00007ffcabbe3000 	C:\WINDOWS\System32\ADVAPI32.dll
0x00007ffcad330000 - 0x00007ffcad3c7000 	C:\WINDOWS\System32\sechost.dll
0x00007ffcad1e0000 - 0x00007ffcad1e8000 	C:\WINDOWS\System32\PSAPI.DLL
0x00007ffc9a880000 - 0x00007ffc9a889000 	C:\WINDOWS\SYSTEM32\WSOCK32.dll
0x00007ffcac250000 - 0x00007ffcac2bf000 	C:\WINDOWS\System32\WS2_32.dll
0x00007ffca66f0000 - 0x00007ffca6714000 	C:\WINDOWS\SYSTEM32\WINMM.dll
0x00007ffc9f0a0000 - 0x00007ffc9f0aa000 	C:\WINDOWS\SYSTEM32\VERSION.dll
0x00007ffca66c0000 - 0x00007ffca66ed000 	C:\WINDOWS\SYSTEM32\WINMMBASE.dll
0x00007ffcaa5e0000 - 0x00007ffcaa62a000 	C:\WINDOWS\System32\cfgmgr32.dll
0x00007ffcaa490000 - 0x00007ffcaa4a1000 	C:\WINDOWS\System32\kernel.appcore.dll
0x00007ffca23d0000 - 0x00007ffca23da000 	c:\Users\Rochelle Reyes\.vscode\extensions\redhat.java-1.11.0-win32-x64\jre\17.0.4.1-win32-x86_64\bin\jimage.dll
0x00007ffca8d70000 - 0x00007ffca8f64000 	C:\WINDOWS\SYSTEM32\DBGHELP.DLL
0x00007ffc9e9c0000 - 0x00007ffc9e9ea000 	C:\WINDOWS\SYSTEM32\dbgcore.DLL
0x00007ffca23c0000 - 0x00007ffca23ce000 	c:\Users\Rochelle Reyes\.vscode\extensions\redhat.java-1.11.0-win32-x64\jre\17.0.4.1-win32-x86_64\bin\instrument.dll
0x00007ffc9f160000 - 0x00007ffc9f185000 	c:\Users\Rochelle Reyes\.vscode\extensions\redhat.java-1.11.0-win32-x64\jre\17.0.4.1-win32-x86_64\bin\java.dll
0x00007ffca23a0000 - 0x00007ffca23b8000 	c:\Users\Rochelle Reyes\.vscode\extensions\redhat.java-1.11.0-win32-x64\jre\17.0.4.1-win32-x86_64\bin\zip.dll
0x00007ffcac3e0000 - 0x00007ffcacac7000 	C:\WINDOWS\System32\SHELL32.dll
0x00007ffcabef0000 - 0x00007ffcabf99000 	C:\WINDOWS\System32\shcore.dll
0x00007ffcaa940000 - 0x00007ffcab0c1000 	C:\WINDOWS\System32\windows.storage.dll
0x00007ffcaa4b0000 - 0x00007ffcaa4d3000 	C:\WINDOWS\System32\profapi.dll
0x00007ffcaa500000 - 0x00007ffcaa54a000 	C:\WINDOWS\System32\powrprof.dll
0x00007ffcaa480000 - 0x00007ffcaa490000 	C:\WINDOWS\System32\UMPDC.dll
0x00007ffcacb60000 - 0x00007ffcacbb2000 	C:\WINDOWS\System32\shlwapi.dll
0x00007ffcaa6d0000 - 0x00007ffcaa6e7000 	C:\WINDOWS\System32\cryptsp.dll
0x00007ffca2370000 - 0x00007ffca2389000 	C:\Users\Rochelle Reyes\.vscode\extensions\redhat.java-1.11.0-win32-x64\jre\17.0.4.1-win32-x86_64\bin\net.dll
0x00007ffc9eb30000 - 0x00007ffc9ec20000 	C:\WINDOWS\SYSTEM32\WINHTTP.dll
0x00007ffca9cd0000 - 0x00007ffca9d37000 	C:\WINDOWS\system32\mswsock.dll
0x00007ffc9fa30000 - 0x00007ffc9fa45000 	C:\Users\Rochelle Reyes\.vscode\extensions\redhat.java-1.11.0-win32-x64\jre\17.0.4.1-win32-x86_64\bin\nio.dll
0x00007ffca2340000 - 0x00007ffca2350000 	c:\Users\Rochelle Reyes\.vscode\extensions\redhat.java-1.11.0-win32-x64\jre\17.0.4.1-win32-x86_64\bin\verify.dll

dbghelp: loaded successfully - version: 4.0.5 - missing functions: none
symbol engine: initialized successfully - sym options: 0x614 - pdb path: .;c:\Users\Rochelle Reyes\.vscode\extensions\redhat.java-1.11.0-win32-x64\jre\17.0.4.1-win32-x86_64\bin;C:\WINDOWS\SYSTEM32;C:\Program Files\AVAST Software\Avast;C:\WINDOWS\WinSxS\amd64_microsoft.windows.common-controls_6595b64144ccf1df_6.0.18362.1256_none_9e7e379be45e40e2;c:\Users\Rochelle Reyes\.vscode\extensions\redhat.java-1.11.0-win32-x64\jre\17.0.4.1-win32-x86_64\bin\server

VM Arguments:
jvm_args: --add-modules=ALL-SYSTEM --add-opens=java.base/java.util=ALL-UNNAMED --add-opens=java.base/java.lang=ALL-UNNAMED --add-opens=java.base/sun.nio.fs=ALL-UNNAMED -Declipse.application=org.eclipse.jdt.ls.core.id1 -Dosgi.bundles.defaultStartLevel=4 -Declipse.product=org.eclipse.jdt.ls.core.product -Djava.import.generatesMetadataFilesAtProjectRoot=false -Dfile.encoding=utf8 -DwatchParentProcess=false -XX:+UseParallelGC -XX:GCTimeRatio=4 -XX:AdaptiveSizePolicyWeight=90 -Dsun.zip.disableMemoryMapping=true -Xmx1G -Xms100m -Xlog:disable -javaagent:c:\Users\Rochelle Reyes\.vscode\extensions\redhat.java-1.11.0-win32-x64\lombok\lombok-1.18.24.jar -XX:+HeapDumpOnOutOfMemoryError -XX:HeapDumpPath=c:\Users\Rochelle Reyes\AppData\Roaming\Code\User\workspaceStorage\b2614a7c1d711d3cbabaa9c231bc65f0\redhat.java 
java_command: c:\Users\Rochelle Reyes\.vscode\extensions\redhat.java-1.11.0-win32-x64\server\plugins\org.eclipse.equinox.launcher_1.6.400.v20210924-0641.jar -configuration c:\Users\Rochelle Reyes\AppData\Roaming\Code\User\globalStorage\redhat.java\1.11.0\config_win -data c:\Users\Rochelle Reyes\AppData\Roaming\Code\User\workspaceStorage\b2614a7c1d711d3cbabaa9c231bc65f0\redhat.java\jdt_ws
java_class_path (initial): c:\Users\Rochelle Reyes\.vscode\extensions\redhat.java-1.11.0-win32-x64\server\plugins\org.eclipse.equinox.launcher_1.6.400.v20210924-0641.jar
Launcher Type: SUN_STANDARD

[Global flags]
    uintx AdaptiveSizePolicyWeight                 = 90                                        {product} {command line}
     intx CICompilerCount                          = 3                                         {product} {ergonomic}
    uintx GCTimeRatio                              = 4                                         {product} {command line}
     bool HeapDumpOnOutOfMemoryError               = true                                   {manageable} {command line}
    ccstr HeapDumpPath                             = c:\Users\Rochelle Reyes\AppData\Roaming\Code\User\workspaceStorage\b2614a7c1d711d3cbabaa9c231bc65f0\redhat.java         {manageable} {command line}
   size_t InitialHeapSize                          = 104857600                                 {product} {command line}
   size_t MaxHeapSize                              = 1073741824                                {product} {command line}
   size_t MaxNewSize                               = 357564416                                 {product} {ergonomic}
   size_t MinHeapDeltaBytes                        = 524288                                    {product} {ergonomic}
   size_t MinHeapSize                              = 104857600                                 {product} {command line}
   size_t NewSize                                  = 34603008                                  {product} {ergonomic}
    uintx NonNMethodCodeHeapSize                   = 5832780                                {pd product} {ergonomic}
    uintx NonProfiledCodeHeapSize                  = 122912730                              {pd product} {ergonomic}
   size_t OldSize                                  = 70254592                                  {product} {ergonomic}
    uintx ProfiledCodeHeapSize                     = 122912730                              {pd product} {ergonomic}
    uintx ReservedCodeCacheSize                    = 251658240                              {pd product} {ergonomic}
     bool SegmentedCodeCache                       = true                                      {product} {ergonomic}
   size_t SoftMaxHeapSize                          = 1073741824                             {manageable} {ergonomic}
     bool UseCompressedClassPointers               = true                           {product lp64_product} {ergonomic}
     bool UseCompressedOops                        = true                           {product lp64_product} {ergonomic}
     bool UseLargePagesIndividualAllocation        = false                                  {pd product} {ergonomic}
     bool UseParallelGC                            = true                                      {product} {command line}

Logging:
Log output configuration:
 #0: stdout all=off uptime,level,tags
 #1: stderr all=off uptime,level,tags

Environment Variables:
PATH=C:\WinAVR-20100110\bin;C:\WinAVR-20100110\utils\bin;C:\Program Files (x86)\Common Files\Oracle\Java\javapath;C:\WINDOWS\system32;C:\WINDOWS;C:\WINDOWS\System32\Wbem;C:\WINDOWS\System32\WindowsPowerShell\v1.0\;C:\WINDOWS\System32\OpenSSH\;C:\TDM-GCC-64\bin;C:\Program Files\Git\cmd;C:\Program Files (x86)\Yarn\bin\;C:\Program Files\nodejs\;C:\Program Files\Java\jdk1.8.0_211\bin\;C:\Program Files\dotnet\;C:\xampp\php;C:\ProgramData\ComposerSetup\bin;C:\Program Files\PuTTY\;C:\MinGW\bin;C:\Users\Rochelle Reyes\AppData\Local\Programs\Python\Python37-32\Scripts\;C:\Users\Rochelle Reyes\AppData\Local\Programs\Python\Python37-32\;C:\Users\Rochelle Reyes\AppData\Local\Microsoft\WindowsApps;C:\Users\Rochelle Reyes\AppData\Local\Yarn\bin;C:\Users\Rochelle Reyes\AppData\Roaming\npm;C:\Users\Rochelle Reyes\AppData\Local\Programs\Microsoft VS Code\bin;C:\Users\Rochelle Reyes\AppData\Local\GitHubDesktop\bin;C:\Program Files\JetBrains\IntelliJ IDEA Community Edition 2019.2.2\bin;;C:\Users\Rochelle Reyes\AppData\Local\Microsoft\WindowsApps;C:\Program Files\JetBrains\PyCharm Community Edition 2019.2.3\bin;;C:\Users\Rochelle Reyes\AppData\Roaming\Composer\vendor\bin;C:\xampp\mysql\bin;;C:\Program Files\JetBrains\PhpStorm 2020.1.1\bin;
USERNAME=Rochelle Reyes
OS=Windows_NT
PROCESSOR_IDENTIFIER=Intel64 Family 6 Model 61 Stepping 4, GenuineIntel
TMP=C:\Users\ROCHEL~1\AppData\Local\Temp
TEMP=C:\Users\ROCHEL~1\AppData\Local\Temp



---------------  S Y S T E M  ---------------

OS:
 Windows 10 , 64 bit Build 18362 (10.0.18362.1110)
OS uptime: 1 days 21:06 hours

CPU: total 4 (initial active 4) (2 cores per cpu, 2 threads per core) family 6 model 61 stepping 4 microcode 0x2b, cx8, cmov, fxsr, ht, mmx, 3dnowpref, sse, sse2, sse3, ssse3, sse4.1, sse4.2, popcnt, lzcnt, tsc, tscinvbit, avx, avx2, aes, erms, clmul, bmi1, bmi2, rtm, adx, fma, vzeroupper, clflush

Memory: 4k page, system-wide physical 8082M (1383M free)
TotalPageFile size 10127M (AvailPageFile size 3M)
current process WorkingSet (physical memory assigned to process): 101M, peak: 101M
current process commit charge ("private bytes"): 202M, peak: 202M

vm_info: OpenJDK 64-Bit Server VM (17.0.4.1+1) for windows-amd64 JRE (17.0.4.1+1), built on Aug 17 2022 07:42:43 by "temurin" with MS VC++ 16.7 (VS2019)

END.
