#
# There is insufficient memory for the Java Runtime Environment to continue.
# Native memory allocation (malloc) failed to allocate 238336 bytes for Chunk::new
# Possible reasons:
#   The system is out of physical RAM or swap space
#   The process is running with CompressedOops enabled, and the Java Heap may be blocking the growth of the native heap
# Possible solutions:
#   Reduce memory load on the system
#   Increase physical memory or swap space
#   Check if swap backing store is full
#   Decrease Java heap size (-Xmx/-Xms)
#   Decrease number of Java threads
#   Decrease Java thread stack sizes (-Xss)
#   Set larger code cache with -XX:ReservedCodeCacheSize=
#   JVM is running with Unscaled Compressed Oops mode in which the Java heap is
#     placed in the first 4GB address space. The Java Heap base address is the
#     maximum limit for the native heap growth. Please use -XX:HeapBaseMinAddress
#     to set the Java Heap base and to place the Java Heap above 4GB virtual address.
# This output file may be truncated or incomplete.
#
#  Out of Memory Error (arena.cpp:189), pid=8644, tid=19364
#
# JRE version: OpenJDK Runtime Environment Temurin-17.0.4.1+1 (17.0.4.1+1) (build 17.0.4.1+1)
# Java VM: OpenJDK 64-Bit Server VM Temurin-17.0.4.1+1 (17.0.4.1+1, mixed mode, tiered, compressed oops, compressed class ptrs, parallel gc, windows-amd64)
# No core dump will be written. Minidumps are not enabled by default on client versions of Windows
#

---------------  S U M M A R Y ------------

Command Line: --add-modules=ALL-SYSTEM --add-opens=java.base/java.util=ALL-UNNAMED --add-opens=java.base/java.lang=ALL-UNNAMED --add-opens=java.base/sun.nio.fs=ALL-UNNAMED -Declipse.application=org.eclipse.jdt.ls.core.id1 -Dosgi.bundles.defaultStartLevel=4 -Declipse.product=org.eclipse.jdt.ls.core.product -Djava.import.generatesMetadataFilesAtProjectRoot=false -Dfile.encoding=utf8 -DwatchParentProcess=false -XX:+UseParallelGC -XX:GCTimeRatio=4 -XX:AdaptiveSizePolicyWeight=90 -Dsun.zip.disableMemoryMapping=true -Xmx1G -Xms100m -Xlog:disable -javaagent:c:\Users\Rochelle Reyes\.vscode\extensions\redhat.java-1.11.0-win32-x64\lombok\lombok-1.18.24.jar -XX:+HeapDumpOnOutOfMemoryError -XX:HeapDumpPath=c:\Users\Rochelle Reyes\AppData\Roaming\Code\User\workspaceStorage\b2614a7c1d711d3cbabaa9c231bc65f0\redhat.java c:\Users\Rochelle Reyes\.vscode\extensions\redhat.java-1.11.0-win32-x64\server\plugins\org.eclipse.equinox.launcher_1.6.400.v20210924-0641.jar -configuration c:\Users\Rochelle Reyes\AppData\Roaming\Code\User\globalStorage\redhat.java\1.11.0\config_win -data c:\Users\Rochelle Reyes\AppData\Roaming\Code\User\workspaceStorage\b2614a7c1d711d3cbabaa9c231bc65f0\redhat.java\jdt_ws

Host: Intel(R) Core(TM) i5-5300U CPU @ 2.30GHz, 4 cores, 7G,  Windows 10 , 64 bit Build 18362 (10.0.18362.1110)
Time: Wed Feb  8 17:34:04 2023 Pacific Standard Time (Mexico) elapsed time: 10.338618 seconds (0d 0h 0m 10s)

---------------  T H R E A D  ---------------

Current thread (0x0000012df022b350):  JavaThread "C2 CompilerThread0" daemon [_thread_in_native, id=19364, stack(0x0000001c26f00000,0x0000001c27000000)]


Current CompileTask:
C2:  10339  920   !   4       java.lang.String::replace (258 bytes)

Stack: [0x0000001c26f00000,0x0000001c27000000]
Native frames: (J=compiled Java code, j=interpreted, Vv=VM code, C=native code)
V  [jvm.dll+0x67731a]
V  [jvm.dll+0x832284]
V  [jvm.dll+0x833a2e]
V  [jvm.dll+0x834093]
V  [jvm.dll+0x245775]
V  [jvm.dll+0xabd7b]
V  [jvm.dll+0xac30c]
V  [jvm.dll+0x2ac80f]
V  [jvm.dll+0x57dd77]
V  [jvm.dll+0x220892]
V  [jvm.dll+0x220c6f]
V  [jvm.dll+0x21a4d5]
V  [jvm.dll+0x21799b]
V  [jvm.dll+0x1a3f8d]
V  [jvm.dll+0x227498]
V  [jvm.dll+0x2255e5]
V  [jvm.dll+0x7e7e9b]
V  [jvm.dll+0x7e240a]
V  [jvm.dll+0x6761a5]
C  [ucrtbase.dll+0x210b2]
C  [KERNEL32.DLL+0x17c24]
C  [ntdll.dll+0x6d4d1]


---------------  P R O C E S S  ---------------

Threads class SMR info:
_java_thread_list=0x0000012df2315d50, length=12, elements={
0x0000012ddc3dc660, 0x0000012df01fab50, 0x0000012df01fb890, 0x0000012df0225c50,
0x0000012df02267d0, 0x0000012df0227bc0, 0x0000012df022a4a0, 0x0000012df022b350,
0x0000012df022c570, 0x0000012df0231ff0, 0x0000012ddc43e210, 0x0000012df1f28850
}

Java Threads: ( => current thread )
  0x0000012ddc3dc660 JavaThread "main" [_thread_in_Java, id=19016, stack(0x0000001c26600000,0x0000001c26700000)]
  0x0000012df01fab50 JavaThread "Reference Handler" daemon [_thread_blocked, id=18872, stack(0x0000001c26900000,0x0000001c26a00000)]
  0x0000012df01fb890 JavaThread "Finalizer" daemon [_thread_blocked, id=15432, stack(0x0000001c26a00000,0x0000001c26b00000)]
  0x0000012df0225c50 JavaThread "Signal Dispatcher" daemon [_thread_blocked, id=18648, stack(0x0000001c26b00000,0x0000001c26c00000)]
  0x0000012df02267d0 JavaThread "Attach Listener" daemon [_thread_blocked, id=988, stack(0x0000001c26c00000,0x0000001c26d00000)]
  0x0000012df0227bc0 JavaThread "Service Thread" daemon [_thread_blocked, id=10392, stack(0x0000001c26d00000,0x0000001c26e00000)]
  0x0000012df022a4a0 JavaThread "Monitor Deflation Thread" daemon [_thread_blocked, id=11068, stack(0x0000001c26e00000,0x0000001c26f00000)]
=>0x0000012df022b350 JavaThread "C2 CompilerThread0" daemon [_thread_in_native, id=19364, stack(0x0000001c26f00000,0x0000001c27000000)]
  0x0000012df022c570 JavaThread "C1 CompilerThread0" daemon [_thread_in_native, id=15812, stack(0x0000001c27000000,0x0000001c27100000)]
  0x0000012df0231ff0 JavaThread "Sweeper thread" daemon [_thread_blocked, id=7384, stack(0x0000001c27100000,0x0000001c27200000)]
  0x0000012ddc43e210 JavaThread "Common-Cleaner" daemon [_thread_blocked, id=11932, stack(0x0000001c27200000,0x0000001c27300000)]
  0x0000012df1f28850 JavaThread "Notification Thread" daemon [_thread_blocked, id=15136, stack(0x0000001c27300000,0x0000001c27400000)]

Other Threads:
  0x0000012df01e1b40 VMThread "VM Thread" [stack: 0x0000001c26800000,0x0000001c26900000] [id=296]
  0x0000012df1e9b3e0 WatcherThread [stack: 0x0000001c27400000,0x0000001c27500000] [id=14232]
  0x0000012ddc3f2330 GCTaskThread "GC Thread#0" [stack: 0x0000001c26700000,0x0000001c26800000] [id=3420]

Threads with active compile tasks:
C2 CompilerThread0    10598  920   !   4       java.lang.String::replace (258 bytes)
C1 CompilerThread0    10599  966       3       sun.invoke.util.VerifyAccess::isSamePackage (37 bytes)

VM state: not at safepoint (normal execution)

VM Mutex/Monitor currently owned by a thread: None

Heap address: 0x00000000c0000000, size: 1024 MB, Compressed Oops mode: 32-bit

CDS archive(s) not mapped
Compressed class space mapped at: 0x0000000100000000-0x0000000140000000, reserved size: 1073741824
Narrow klass base: 0x0000000000000000, Narrow klass shift: 3, Narrow klass range: 0x140000000

GC Precious Log:
 CPUs: 4 total, 4 available
 Memory: 8082M
 Large Page Support: Disabled
 NUMA Support: Disabled
 Compressed Oops: Enabled (32-bit)
 Alignments: Space 512K, Generation 512K, Heap 2M
 Heap Min Capacity: 100M
 Heap Initial Capacity: 100M
 Heap Max Capacity: 1G
 Pre-touch: Disabled
 Parallel Workers: 4

Heap:
 PSYoungGen      total 29696K, used 24203K [0x00000000eab00000, 0x00000000ecc00000, 0x0000000100000000)
  eden space 25600K, 94% used [0x00000000eab00000,0x00000000ec2a2d18,0x00000000ec400000)
  from space 4096K, 0% used [0x00000000ec800000,0x00000000ec800000,0x00000000ecc00000)
  to   space 4096K, 0% used [0x00000000ec400000,0x00000000ec400000,0x00000000ec800000)
 ParOldGen       total 68608K, used 0K [0x00000000c0000000, 0x00000000c4300000, 0x00000000eab00000)
  object space 68608K, 0% used [0x00000000c0000000,0x00000000c0000000,0x00000000c4300000)
 Metaspace       used 10459K, committed 10624K, reserved 1064960K
  class space    used 1047K, committed 1152K, reserved 1048576K

Card table byte_map: [0x0000012ddbd80000,0x0000012ddbf90000] _byte_map_base: 0x0000012ddb780000

Marking Bits: (ParMarkBitMap*) 0x00007ffc65882cc0
 Begin Bits: [0x0000012dee060000, 0x0000012def060000)
 End Bits:   [0x0000012def060000, 0x0000012df0060000)

Polling page: 0x0000012dda270000

Metaspace:

Usage:
  Non-class:      9.19 MB used.
      Class:      1.02 MB used.
       Both:     10.22 MB used.

Virtual space:
  Non-class space:       16.00 MB reserved,       9.25 MB ( 58%) committed,  2 nodes.
      Class space:        1.00 GB reserved,       1.13 MB ( <1%) committed,  1 nodes.
             Both:        1.02 GB reserved,      10.38 MB ( <1%) committed. 

Chunk freelists:
   Non-Class:  2.13 MB
       Class:  2.93 MB
        Both:  5.06 MB

MaxMetaspaceSize: unlimited
CompressedClassSpaceSize: 1.00 GB
Initial GC threshold: 21.00 MB
Current GC threshold: 21.00 MB
CDS: off
MetaspaceReclaimPolicy: balanced
 - commit_granule_bytes: 65536.
 - commit_granule_words: 8192.
 - virtual_space_node_default_size: 1048576.
 - enlarge_chunks_in_place: 1.
 - new_chunks_are_fully_committed: 0.
 - uncommit_free_chunks: 1.
 - use_allocation_guard: 0.
 - handle_deallocations: 1.


Internal statistics:

num_allocs_failed_limit: 0.
num_arena_births: 30.
num_arena_deaths: 0.
num_vsnodes_births: 3.
num_vsnodes_deaths: 0.
num_space_committed: 166.
num_space_uncommitted: 0.
num_chunks_returned_to_freelist: 0.
num_chunks_taken_from_freelist: 99.
num_chunk_merges: 0.
num_chunk_splits: 69.
num_chunks_enlarged: 61.
num_purges: 0.
num_inconsistent_stats: 0.

CodeHeap 'non-profiled nmethods': size=120000Kb used=349Kb max_used=349Kb free=119650Kb
 bounds [0x0000012de6b30000, 0x0000012de6da0000, 0x0000012dee060000]
CodeHeap 'profiled nmethods': size=120000Kb used=1670Kb max_used=1670Kb free=118329Kb
 bounds [0x0000012ddf600000, 0x0000012ddf870000, 0x0000012de6b30000]
CodeHeap 'non-nmethods': size=5760Kb used=1135Kb max_used=1153Kb free=4624Kb
 bounds [0x0000012ddf060000, 0x0000012ddf2d0000, 0x0000012ddf600000]
 total_blobs=1385 nmethods=963 adapters=337
 compilation: enabled
              stopped_count=0, restarted_count=0
 full_count=0

Compilation events (20 events):
Event: 10.270 Thread 0x0000012df022c570 nmethod 915 0x0000012ddf78b390 code [0x0000012ddf78b5a0, 0x0000012ddf78bc58]
Event: 10.270 Thread 0x0000012df022c570  913       3       java.util.Collections$SetFromMap::remove (19 bytes)
Event: 10.271 Thread 0x0000012df022c570 nmethod 913 0x0000012ddf78bf10 code [0x0000012ddf78c0c0, 0x0000012ddf78c2e8]
Event: 10.272 Thread 0x0000012df022c570  916       3       jdk.internal.access.SharedSecrets::javaUtilJarAccess (19 bytes)
Event: 10.274 Thread 0x0000012df022c570 nmethod 916 0x0000012ddf78c390 code [0x0000012ddf78c580, 0x0000012ddf78c928]
Event: 10.274 Thread 0x0000012df022c570  917   !   3       java.util.jar.JarFile::getManifestFromReference (197 bytes)
Event: 10.280 Thread 0x0000012df022c570 nmethod 917 0x0000012ddf78cb10 code [0x0000012ddf78ce00, 0x0000012ddf78e0f8]
Event: 10.280 Thread 0x0000012df022c570  918       3       java.lang.ref.Cleaner::register (25 bytes)
Event: 10.281 Thread 0x0000012df022b350  920   !   4       java.lang.String::replace (258 bytes)
Event: 10.281 Thread 0x0000012df022c570 nmethod 918 0x0000012ddf78e810 code [0x0000012ddf78ea00, 0x0000012ddf78ef08]
Event: 10.282 Thread 0x0000012df022c570  919       3       jdk.internal.ref.CleanerImpl$PhantomCleanableRef::<init> (12 bytes)
Event: 10.282 Thread 0x0000012df022c570 nmethod 919 0x0000012ddf78f110 code [0x0000012ddf78f2a0, 0x0000012ddf78f408]
Event: 10.301 Thread 0x0000012df022c570  921  s    3       jdk.internal.loader.Resource::cachedInputStream (20 bytes)
Event: 10.302 Thread 0x0000012df022c570 nmethod 921 0x0000012ddf78f490 code [0x0000012ddf78f640, 0x0000012ddf78f9a8]
Event: 10.303 Thread 0x0000012df022c570  922       1       java.util.zip.ZipEntry::getCrc (5 bytes)
Event: 10.303 Thread 0x0000012df022c570 nmethod 922 0x0000012de6b84510 code [0x0000012de6b846a0, 0x0000012de6b84778]
Event: 10.305 Thread 0x0000012df022c570  923   !   3       java.util.zip.Inflater::needsInput (55 bytes)
Event: 10.306 Thread 0x0000012df022c570 nmethod 923 0x0000012ddf78fb10 code [0x0000012ddf78fcc0, 0x0000012ddf790078]
Event: 10.306 Thread 0x0000012df022c570  924       1       java.security.MessageDigest::getAlgorithm (5 bytes)
Event: 10.307 Thread 0x0000012df022c570 nmethod 924 0x0000012de6b84810 code [0x0000012de6b849a0, 0x0000012de6b84a78]

GC Heap History (0 events):
No events

Deoptimization events (20 events):
Event: 9.613 Thread 0x0000012ddc3dc660 Uncommon trap: trap_request=0xffffffc6 fr.pc=0x0000012de6b551a8 relative=0x0000000000000288
Event: 9.613 Thread 0x0000012ddc3dc660 Uncommon trap: reason=bimorphic_or_optimized_type_check action=maybe_recompile pc=0x0000012de6b551a8 method=java.util.Collections$UnmodifiableCollection$1.next()Ljava/lang/Object; @ 4 c2
Event: 9.613 Thread 0x0000012ddc3dc660 DEOPT PACKING pc=0x0000012de6b551a8 sp=0x0000001c266fe5b0
Event: 9.613 Thread 0x0000012ddc3dc660 DEOPT UNPACKING pc=0x0000012ddf0b20a3 sp=0x0000001c266fe560 mode 2
Event: 9.970 Thread 0x0000012ddc3dc660 Uncommon trap: trap_request=0xffffff45 fr.pc=0x0000012de6b6572c relative=0x000000000000098c
Event: 9.970 Thread 0x0000012ddc3dc660 Uncommon trap: reason=unstable_if action=reinterpret pc=0x0000012de6b6572c method=java.util.HashMap.hash(Ljava/lang/Object;)I @ 1 c2
Event: 9.970 Thread 0x0000012ddc3dc660 DEOPT PACKING pc=0x0000012de6b6572c sp=0x0000001c266fe410
Event: 9.971 Thread 0x0000012ddc3dc660 DEOPT UNPACKING pc=0x0000012ddf0b20a3 sp=0x0000001c266fe380 mode 2
Event: 9.972 Thread 0x0000012ddc3dc660 Uncommon trap: trap_request=0xffffff45 fr.pc=0x0000012de6b7ce60 relative=0x0000000000000240
Event: 9.972 Thread 0x0000012ddc3dc660 Uncommon trap: reason=unstable_if action=reinterpret pc=0x0000012de6b7ce60 method=java.util.HashMap.hash(Ljava/lang/Object;)I @ 1 c2
Event: 9.972 Thread 0x0000012ddc3dc660 DEOPT PACKING pc=0x0000012de6b7ce60 sp=0x0000001c266fe340
Event: 9.972 Thread 0x0000012ddc3dc660 DEOPT UNPACKING pc=0x0000012ddf0b20a3 sp=0x0000001c266fe1d8 mode 2
Event: 9.973 Thread 0x0000012ddc3dc660 Uncommon trap: trap_request=0xffffff45 fr.pc=0x0000012de6b75368 relative=0x0000000000000248
Event: 9.973 Thread 0x0000012ddc3dc660 Uncommon trap: reason=unstable_if action=reinterpret pc=0x0000012de6b75368 method=java.util.HashMap.hash(Ljava/lang/Object;)I @ 1 c2
Event: 9.973 Thread 0x0000012ddc3dc660 DEOPT PACKING pc=0x0000012de6b75368 sp=0x0000001c266fe3e0
Event: 9.973 Thread 0x0000012ddc3dc660 DEOPT UNPACKING pc=0x0000012ddf0b20a3 sp=0x0000001c266fe2e8 mode 2
Event: 9.973 Thread 0x0000012ddc3dc660 Uncommon trap: trap_request=0xffffff45 fr.pc=0x0000012de6b7c994 relative=0x0000000000000094
Event: 9.973 Thread 0x0000012ddc3dc660 Uncommon trap: reason=unstable_if action=reinterpret pc=0x0000012de6b7c994 method=java.util.HashMap.hash(Ljava/lang/Object;)I @ 1 c2
Event: 9.973 Thread 0x0000012ddc3dc660 DEOPT PACKING pc=0x0000012de6b7c994 sp=0x0000001c266fe240
Event: 9.973 Thread 0x0000012ddc3dc660 DEOPT UNPACKING pc=0x0000012ddf0b20a3 sp=0x0000001c266fe1d8 mode 2

Classes unloaded (0 events):
No events

Classes redefined (0 events):
No events

Internal exceptions (18 events):
Event: 1.071 Thread 0x0000012ddc3dc660 Exception <a 'java/lang/NoSuchMethodError'{0x00000000eacb2538}: 'void java.lang.invoke.DirectMethodHandle$Holder.invokeStatic(java.lang.Object, java.lang.Object, java.lang.Object)'> (0x00000000eacb2538) 
thrown [s\src\hotspot\share\interpreter\linkResolver.cpp, line 759]
Event: 3.569 Thread 0x0000012ddc3dc660 Exception <a 'java/lang/reflect/InvocationTargetException'{0x00000000eaf8a8e0}> (0x00000000eaf8a8e0) 
thrown [s\src\hotspot\share\runtime\reflection.cpp, line 1121]
Event: 6.097 Thread 0x0000012ddc3dc660 Exception <a 'java/lang/ClassNotFoundException'{0x00000000eb729820}: sun/net/www/protocol/c/Handler> (0x00000000eb729820) 
thrown [s\src\hotspot\share\classfile\systemDictionary.cpp, line 256]
Event: 6.191 Thread 0x0000012ddc3dc660 Exception <a 'java/io/FileNotFoundException'{0x00000000eb745040}> (0x00000000eb745040) 
thrown [s\src\hotspot\share\prims\jni.cpp, line 516]
Event: 6.198 Thread 0x0000012ddc3dc660 Exception <a 'java/io/FileNotFoundException'{0x00000000eb745da8}> (0x00000000eb745da8) 
thrown [s\src\hotspot\share\prims\jni.cpp, line 516]
Event: 6.199 Thread 0x0000012ddc3dc660 Exception <a 'java/io/FileNotFoundException'{0x00000000eb746af0}> (0x00000000eb746af0) 
thrown [s\src\hotspot\share\prims\jni.cpp, line 516]
Event: 6.202 Thread 0x0000012ddc3dc660 Exception <a 'java/io/FileNotFoundException'{0x00000000eb747808}> (0x00000000eb747808) 
thrown [s\src\hotspot\share\prims\jni.cpp, line 516]
Event: 6.303 Thread 0x0000012ddc3dc660 Implicit null exception at 0x0000012de6b5fdf2 to 0x0000012de6b60318
Event: 6.304 Thread 0x0000012ddc3dc660 Implicit null exception at 0x0000012de6b60972 to 0x0000012de6b60ea8
Event: 6.326 Thread 0x0000012ddc3dc660 Exception <a 'java/io/FileNotFoundException'{0x00000000eb7875a8}> (0x00000000eb7875a8) 
thrown [s\src\hotspot\share\prims\jni.cpp, line 516]
Event: 9.522 Thread 0x0000012ddc3dc660 Exception <a 'java/lang/ClassNotFoundException'{0x00000000ebf7ba68}: sun/net/www/protocol/c/Handler> (0x00000000ebf7ba68) 
thrown [s\src\hotspot\share\classfile\systemDictionary.cpp, line 256]
Event: 9.525 Thread 0x0000012ddc3dc660 Exception <a 'java/lang/ClassNotFoundException'{0x00000000ebf7cdf8}: sun/net/www/protocol/c/Handler> (0x00000000ebf7cdf8) 
thrown [s\src\hotspot\share\classfile\systemDictionary.cpp, line 256]
Event: 9.526 Thread 0x0000012ddc3dc660 Exception <a 'java/lang/ClassNotFoundException'{0x00000000ebf7dfc0}: sun/net/www/protocol/c/Handler> (0x00000000ebf7dfc0) 
thrown [s\src\hotspot\share\classfile\systemDictionary.cpp, line 256]
Event: 9.612 Thread 0x0000012ddc3dc660 Exception <a 'java/io/FileNotFoundException'{0x00000000ebfa4930}> (0x00000000ebfa4930) 
thrown [s\src\hotspot\share\prims\jni.cpp, line 516]
Event: 9.970 Thread 0x0000012ddc3dc660 Implicit null exception at 0x0000012de6b64ddb to 0x0000012de6b65714
Event: 9.972 Thread 0x0000012ddc3dc660 Implicit null exception at 0x0000012de6b7cc6c to 0x0000012de6b7ce48
Event: 9.972 Thread 0x0000012ddc3dc660 Implicit null exception at 0x0000012de6b7516c to 0x0000012de6b75350
Event: 9.973 Thread 0x0000012ddc3dc660 Implicit null exception at 0x0000012de6b7c90f to 0x0000012de6b7c985

VM Operations (20 events):
Event: 2.372 Executing VM operation: Cleanup
Event: 2.405 Executing VM operation: Cleanup done
Event: 2.875 Executing VM operation: HandshakeAllThreads
Event: 2.875 Executing VM operation: HandshakeAllThreads done
Event: 3.879 Executing VM operation: Cleanup
Event: 3.879 Executing VM operation: Cleanup done
Event: 4.885 Executing VM operation: Cleanup
Event: 4.917 Executing VM operation: Cleanup done
Event: 5.719 Executing VM operation: HandshakeAllThreads
Event: 5.719 Executing VM operation: HandshakeAllThreads done
Event: 6.057 Executing VM operation: HandshakeAllThreads
Event: 6.058 Executing VM operation: HandshakeAllThreads done
Event: 6.058 Executing VM operation: Cleanup
Event: 6.058 Executing VM operation: Cleanup done
Event: 7.061 Executing VM operation: Cleanup
Event: 7.073 Executing VM operation: Cleanup done
Event: 9.075 Executing VM operation: Cleanup
Event: 9.147 Executing VM operation: Cleanup done
Event: 10.147 Executing VM operation: Cleanup
Event: 10.161 Executing VM operation: Cleanup done

Events (20 events):
Event: 9.816 loading class java/util/concurrent/locks/ReadWriteLock done
Event: 9.816 loading class java/util/concurrent/locks/ReentrantReadWriteLock done
Event: 9.816 loading class java/util/concurrent/locks/ReentrantReadWriteLock$NonfairSync
Event: 9.816 loading class java/util/concurrent/locks/ReentrantReadWriteLock$Sync
Event: 9.817 loading class java/util/concurrent/locks/ReentrantReadWriteLock$Sync done
Event: 9.817 loading class java/util/concurrent/locks/ReentrantReadWriteLock$NonfairSync done
Event: 9.817 loading class java/util/concurrent/locks/ReentrantReadWriteLock$Sync$ThreadLocalHoldCounter
Event: 9.818 loading class java/util/concurrent/locks/ReentrantReadWriteLock$Sync$ThreadLocalHoldCounter done
Event: 9.819 loading class java/util/concurrent/locks/ReentrantReadWriteLock$ReadLock
Event: 9.819 loading class java/util/concurrent/locks/ReentrantReadWriteLock$ReadLock done
Event: 9.820 loading class java/util/concurrent/locks/ReentrantReadWriteLock$WriteLock
Event: 9.836 loading class java/util/concurrent/locks/ReentrantReadWriteLock$WriteLock done
Event: 9.979 loading class java/net/URLClassLoader$3
Event: 9.979 loading class java/net/URLClassLoader$3 done
Event: 9.980 loading class java/net/URLClassLoader$3$1
Event: 9.980 loading class java/net/URLClassLoader$3$1 done
Event: 9.980 loading class jdk/internal/loader/URLClassPath$FileLoader
Event: 9.981 loading class jdk/internal/loader/URLClassPath$FileLoader done
Event: 10.310 loading class java/lang/NoSuchFieldError
Event: 10.311 loading class java/lang/NoSuchFieldError done


Dynamic libraries:
0x00007ff737d40000 - 0x00007ff737d4e000 	c:\Users\Rochelle Reyes\.vscode\extensions\redhat.java-1.11.0-win32-x64\jre\17.0.4.1-win32-x86_64\bin\java.exe
0x00007ffcad5e0000 - 0x00007ffcad7d0000 	C:\WINDOWS\SYSTEM32\ntdll.dll
0x00007ffc7b6d0000 - 0x00007ffc7b6e7000 	C:\Program Files\AVAST Software\Avast\aswhook.dll
0x00007ffcad430000 - 0x00007ffcad4e2000 	C:\WINDOWS\System32\KERNEL32.DLL
0x00007ffcab0d0000 - 0x00007ffcab375000 	C:\WINDOWS\System32\KERNELBASE.dll
0x00007ffcab410000 - 0x00007ffcab50a000 	C:\WINDOWS\System32\ucrtbase.dll
0x00007ffca2370000 - 0x00007ffca2388000 	c:\Users\Rochelle Reyes\.vscode\extensions\redhat.java-1.11.0-win32-x64\jre\17.0.4.1-win32-x86_64\bin\jli.dll
0x00007ffcabd50000 - 0x00007ffcabee4000 	C:\WINDOWS\System32\USER32.dll
0x00007ffcab510000 - 0x00007ffcab531000 	C:\WINDOWS\System32\win32u.dll
0x00007ffcad1b0000 - 0x00007ffcad1d6000 	C:\WINDOWS\System32\GDI32.dll
0x00007ffcaa7a0000 - 0x00007ffcaa936000 	C:\WINDOWS\System32\gdi32full.dll
0x00007ffcaa630000 - 0x00007ffcaa6ce000 	C:\WINDOWS\System32\msvcp_win.dll
0x00007ffc9fa30000 - 0x00007ffc9fa49000 	c:\Users\Rochelle Reyes\.vscode\extensions\redhat.java-1.11.0-win32-x64\jre\17.0.4.1-win32-x86_64\bin\VCRUNTIME140.dll
0x00007ffc9b8a0000 - 0x00007ffc9bb24000 	C:\WINDOWS\WinSxS\amd64_microsoft.windows.common-controls_6595b64144ccf1df_6.0.18362.1256_none_9e7e379be45e40e2\COMCTL32.dll
0x00007ffcad110000 - 0x00007ffcad1ae000 	C:\WINDOWS\System32\msvcrt.dll
0x00007ffcab730000 - 0x00007ffcaba66000 	C:\WINDOWS\System32\combase.dll
0x00007ffcac2c0000 - 0x00007ffcac3e0000 	C:\WINDOWS\System32\RPCRT4.dll
0x00007ffcab380000 - 0x00007ffcab401000 	C:\WINDOWS\System32\bcryptPrimitives.dll
0x00007ffcab700000 - 0x00007ffcab72e000 	C:\WINDOWS\System32\IMM32.DLL
0x00007ffca2630000 - 0x00007ffca263c000 	c:\Users\Rochelle Reyes\.vscode\extensions\redhat.java-1.11.0-win32-x64\jre\17.0.4.1-win32-x86_64\bin\vcruntime140_1.dll
0x00007ffc8d6b0000 - 0x00007ffc8d741000 	c:\Users\Rochelle Reyes\.vscode\extensions\redhat.java-1.11.0-win32-x64\jre\17.0.4.1-win32-x86_64\bin\msvcp140.dll
0x00007ffc64d00000 - 0x00007ffc65946000 	c:\Users\Rochelle Reyes\.vscode\extensions\redhat.java-1.11.0-win32-x64\jre\17.0.4.1-win32-x86_64\bin\server\jvm.dll
0x00007ffcabb40000 - 0x00007ffcabbe3000 	C:\WINDOWS\System32\ADVAPI32.dll
0x00007ffcad330000 - 0x00007ffcad3c7000 	C:\WINDOWS\System32\sechost.dll
0x00007ffcad1e0000 - 0x00007ffcad1e8000 	C:\WINDOWS\System32\PSAPI.DLL
0x00007ffc9a880000 - 0x00007ffc9a889000 	C:\WINDOWS\SYSTEM32\WSOCK32.dll
0x00007ffca66f0000 - 0x00007ffca6714000 	C:\WINDOWS\SYSTEM32\WINMM.dll
0x00007ffcac250000 - 0x00007ffcac2bf000 	C:\WINDOWS\System32\WS2_32.dll
0x00007ffc9f0a0000 - 0x00007ffc9f0aa000 	C:\WINDOWS\SYSTEM32\VERSION.dll
0x00007ffca66c0000 - 0x00007ffca66ed000 	C:\WINDOWS\SYSTEM32\winmmbase.dll
0x00007ffcaa5e0000 - 0x00007ffcaa62a000 	C:\WINDOWS\System32\cfgmgr32.dll
0x00007ffcaa490000 - 0x00007ffcaa4a1000 	C:\WINDOWS\System32\kernel.appcore.dll
0x00007ffca25e0000 - 0x00007ffca25ea000 	c:\Users\Rochelle Reyes\.vscode\extensions\redhat.java-1.11.0-win32-x64\jre\17.0.4.1-win32-x86_64\bin\jimage.dll
0x00007ffca8d70000 - 0x00007ffca8f64000 	C:\WINDOWS\SYSTEM32\DBGHELP.DLL
0x00007ffc9e9c0000 - 0x00007ffc9e9ea000 	C:\WINDOWS\SYSTEM32\dbgcore.DLL
0x00007ffca23a0000 - 0x00007ffca23ae000 	c:\Users\Rochelle Reyes\.vscode\extensions\redhat.java-1.11.0-win32-x64\jre\17.0.4.1-win32-x86_64\bin\instrument.dll
0x00007ffc9f480000 - 0x00007ffc9f4a5000 	c:\Users\Rochelle Reyes\.vscode\extensions\redhat.java-1.11.0-win32-x64\jre\17.0.4.1-win32-x86_64\bin\java.dll
0x00007ffca2410000 - 0x00007ffca2428000 	c:\Users\Rochelle Reyes\.vscode\extensions\redhat.java-1.11.0-win32-x64\jre\17.0.4.1-win32-x86_64\bin\zip.dll
0x00007ffcac3e0000 - 0x00007ffcacac7000 	C:\WINDOWS\System32\SHELL32.dll
0x00007ffcabef0000 - 0x00007ffcabf99000 	C:\WINDOWS\System32\shcore.dll
0x00007ffcaa940000 - 0x00007ffcab0c1000 	C:\WINDOWS\System32\windows.storage.dll
0x00007ffcaa4b0000 - 0x00007ffcaa4d3000 	C:\WINDOWS\System32\profapi.dll
0x00007ffcaa500000 - 0x00007ffcaa54a000 	C:\WINDOWS\System32\powrprof.dll
0x00007ffcaa480000 - 0x00007ffcaa490000 	C:\WINDOWS\System32\UMPDC.dll
0x00007ffcacb60000 - 0x00007ffcacbb2000 	C:\WINDOWS\System32\shlwapi.dll
0x00007ffcaa6d0000 - 0x00007ffcaa6e7000 	C:\WINDOWS\System32\cryptsp.dll
0x00007ffca2550000 - 0x00007ffca2569000 	C:\Users\Rochelle Reyes\.vscode\extensions\redhat.java-1.11.0-win32-x64\jre\17.0.4.1-win32-x86_64\bin\net.dll
0x00007ffc9eb30000 - 0x00007ffc9ec20000 	C:\WINDOWS\SYSTEM32\WINHTTP.dll
0x00007ffca9cd0000 - 0x00007ffca9d37000 	C:\WINDOWS\system32\mswsock.dll
0x00007ffca23f0000 - 0x00007ffca2405000 	C:\Users\Rochelle Reyes\.vscode\extensions\redhat.java-1.11.0-win32-x64\jre\17.0.4.1-win32-x86_64\bin\nio.dll
0x00007ffca23e0000 - 0x00007ffca23f0000 	c:\Users\Rochelle Reyes\.vscode\extensions\redhat.java-1.11.0-win32-x64\jre\17.0.4.1-win32-x86_64\bin\verify.dll

dbghelp: loaded successfully - version: 4.0.5 - missing functions: none
symbol engine: initialized successfully - sym options: 0x614 - pdb path: .;c:\Users\Rochelle Reyes\.vscode\extensions\redhat.java-1.11.0-win32-x64\jre\17.0.4.1-win32-x86_64\bin;C:\WINDOWS\SYSTEM32;C:\Program Files\AVAST Software\Avast;C:\WINDOWS\WinSxS\amd64_microsoft.windows.common-controls_6595b64144ccf1df_6.0.18362.1256_none_9e7e379be45e40e2;c:\Users\Rochelle Reyes\.vscode\extensions\redhat.java-1.11.0-win32-x64\jre\17.0.4.1-win32-x86_64\bin\server

VM Arguments:
jvm_args: --add-modules=ALL-SYSTEM --add-opens=java.base/java.util=ALL-UNNAMED --add-opens=java.base/java.lang=ALL-UNNAMED --add-opens=java.base/sun.nio.fs=ALL-UNNAMED -Declipse.application=org.eclipse.jdt.ls.core.id1 -Dosgi.bundles.defaultStartLevel=4 -Declipse.product=org.eclipse.jdt.ls.core.product -Djava.import.generatesMetadataFilesAtProjectRoot=false -Dfile.encoding=utf8 -DwatchParentProcess=false -XX:+UseParallelGC -XX:GCTimeRatio=4 -XX:AdaptiveSizePolicyWeight=90 -Dsun.zip.disableMemoryMapping=true -Xmx1G -Xms100m -Xlog:disable -javaagent:c:\Users\Rochelle Reyes\.vscode\extensions\redhat.java-1.11.0-win32-x64\lombok\lombok-1.18.24.jar -XX:+HeapDumpOnOutOfMemoryError -XX:HeapDumpPath=c:\Users\Rochelle Reyes\AppData\Roaming\Code\User\workspaceStorage\b2614a7c1d711d3cbabaa9c231bc65f0\redhat.java 
java_command: c:\Users\Rochelle Reyes\.vscode\extensions\redhat.java-1.11.0-win32-x64\server\plugins\org.eclipse.equinox.launcher_1.6.400.v20210924-0641.jar -configuration c:\Users\Rochelle Reyes\AppData\Roaming\Code\User\globalStorage\redhat.java\1.11.0\config_win -data c:\Users\Rochelle Reyes\AppData\Roaming\Code\User\workspaceStorage\b2614a7c1d711d3cbabaa9c231bc65f0\redhat.java\jdt_ws
java_class_path (initial): c:\Users\Rochelle Reyes\.vscode\extensions\redhat.java-1.11.0-win32-x64\server\plugins\org.eclipse.equinox.launcher_1.6.400.v20210924-0641.jar
Launcher Type: SUN_STANDARD

[Global flags]
    uintx AdaptiveSizePolicyWeight                 = 90                                        {product} {command line}
     intx CICompilerCount                          = 3                                         {product} {ergonomic}
    uintx GCTimeRatio                              = 4                                         {product} {command line}
     bool HeapDumpOnOutOfMemoryError               = true                                   {manageable} {command line}
    ccstr HeapDumpPath                             = c:\Users\Rochelle Reyes\AppData\Roaming\Code\User\workspaceStorage\b2614a7c1d711d3cbabaa9c231bc65f0\redhat.java         {manageable} {command line}
   size_t InitialHeapSize                          = 104857600                                 {product} {command line}
   size_t MaxHeapSize                              = 1073741824                                {product} {command line}
   size_t MaxNewSize                               = 357564416                                 {product} {ergonomic}
   size_t MinHeapDeltaBytes                        = 524288                                    {product} {ergonomic}
   size_t MinHeapSize                              = 104857600                                 {product} {command line}
   size_t NewSize                                  = 34603008                                  {product} {ergonomic}
    uintx NonNMethodCodeHeapSize                   = 5832780                                {pd product} {ergonomic}
    uintx NonProfiledCodeHeapSize                  = 122912730                              {pd product} {ergonomic}
   size_t OldSize                                  = 70254592                                  {product} {ergonomic}
    uintx ProfiledCodeHeapSize                     = 122912730                              {pd product} {ergonomic}
    uintx ReservedCodeCacheSize                    = 251658240                              {pd product} {ergonomic}
     bool SegmentedCodeCache                       = true                                      {product} {ergonomic}
   size_t SoftMaxHeapSize                          = 1073741824                             {manageable} {ergonomic}
     bool UseCompressedClassPointers               = true                           {product lp64_product} {ergonomic}
     bool UseCompressedOops                        = true                           {product lp64_product} {ergonomic}
     bool UseLargePagesIndividualAllocation        = false                                  {pd product} {ergonomic}
     bool UseParallelGC                            = true                                      {product} {command line}

Logging:
Log output configuration:
 #0: stdout all=off uptime,level,tags
 #1: stderr all=off uptime,level,tags

Environment Variables:
PATH=C:\WinAVR-20100110\bin;C:\WinAVR-20100110\utils\bin;C:\Program Files (x86)\Common Files\Oracle\Java\javapath;C:\WINDOWS\system32;C:\WINDOWS;C:\WINDOWS\System32\Wbem;C:\WINDOWS\System32\WindowsPowerShell\v1.0\;C:\WINDOWS\System32\OpenSSH\;C:\TDM-GCC-64\bin;C:\Program Files\Git\cmd;C:\Program Files (x86)\Yarn\bin\;C:\Program Files\nodejs\;C:\Program Files\Java\jdk1.8.0_211\bin\;C:\Program Files\dotnet\;C:\xampp\php;C:\ProgramData\ComposerSetup\bin;C:\Program Files\PuTTY\;C:\MinGW\bin;C:\Users\Rochelle Reyes\AppData\Local\Programs\Python\Python37-32\Scripts\;C:\Users\Rochelle Reyes\AppData\Local\Programs\Python\Python37-32\;C:\Users\Rochelle Reyes\AppData\Local\Microsoft\WindowsApps;C:\Users\Rochelle Reyes\AppData\Local\Yarn\bin;C:\Users\Rochelle Reyes\AppData\Roaming\npm;C:\Users\Rochelle Reyes\AppData\Local\Programs\Microsoft VS Code\bin;C:\Users\Rochelle Reyes\AppData\Local\GitHubDesktop\bin;C:\Program Files\JetBrains\IntelliJ IDEA Community Edition 2019.2.2\bin;;C:\Users\Rochelle Reyes\AppData\Local\Microsoft\WindowsApps;C:\Program Files\JetBrains\PyCharm Community Edition 2019.2.3\bin;;C:\Users\Rochelle Reyes\AppData\Roaming\Composer\vendor\bin;C:\xampp\mysql\bin;;C:\Program Files\JetBrains\PhpStorm 2020.1.1\bin;
USERNAME=Rochelle Reyes
OS=Windows_NT
PROCESSOR_IDENTIFIER=Intel64 Family 6 Model 61 Stepping 4, GenuineIntel
TMP=C:\Users\ROCHEL~1\AppData\Local\Temp
TEMP=C:\Users\ROCHEL~1\AppData\Local\Temp



---------------  S Y S T E M  ---------------

OS:
 Windows 10 , 64 bit Build 18362 (10.0.18362.1110)
OS uptime: 1 days 21:05 hours

CPU: total 4 (initial active 4) (2 cores per cpu, 2 threads per core) family 6 model 61 stepping 4 microcode 0x2b, cx8, cmov, fxsr, ht, mmx, 3dnowpref, sse, sse2, sse3, ssse3, sse4.1, sse4.2, popcnt, lzcnt, tsc, tscinvbit, avx, avx2, aes, erms, clmul, bmi1, bmi2, rtm, adx, fma, vzeroupper, clflush

Memory: 4k page, system-wide physical 8082M (1446M free)
TotalPageFile size 10127M (AvailPageFile size 16M)
current process WorkingSet (physical memory assigned to process): 65M, peak: 65M
current process commit charge ("private bytes"): 182M, peak: 184M

vm_info: OpenJDK 64-Bit Server VM (17.0.4.1+1) for windows-amd64 JRE (17.0.4.1+1), built on Aug 17 2022 07:42:43 by "temurin" with MS VC++ 16.7 (VS2019)

END.
