#
# There is insufficient memory for the Java Runtime Environment to continue.
# Native memory allocation (mmap) failed to map 65536 bytes for Failed to commit metaspace.
# Possible reasons:
#   The system is out of physical RAM or swap space
#   The process is running with CompressedOops enabled, and the Java Heap may be blocking the growth of the native heap
# Possible solutions:
#   Reduce memory load on the system
#   Increase physical memory or swap space
#   Check if swap backing store is full
#   Decrease Java heap size (-Xmx/-Xms)
#   Decrease number of Java threads
#   Decrease Java thread stack sizes (-Xss)
#   Set larger code cache with -XX:ReservedCodeCacheSize=
#   JVM is running with Unscaled Compressed Oops mode in which the Java heap is
#     placed in the first 4GB address space. The Java Heap base address is the
#     maximum limit for the native heap growth. Please use -XX:HeapBaseMinAddress
#     to set the Java Heap base and to place the Java Heap above 4GB virtual address.
# This output file may be truncated or incomplete.
#
#  Out of Memory Error (virtualSpaceNode.cpp:110), pid=7816, tid=10076
#
# JRE version: OpenJDK Runtime Environment Temurin-17.0.4.1+1 (17.0.4.1+1) (build 17.0.4.1+1)
# Java VM: OpenJDK 64-Bit Server VM Temurin-17.0.4.1+1 (17.0.4.1+1, mixed mode, tiered, compressed oops, compressed class ptrs, parallel gc, windows-amd64)
# No core dump will be written. Minidumps are not enabled by default on client versions of Windows
#

---------------  S U M M A R Y ------------

Command Line: --add-modules=ALL-SYSTEM --add-opens=java.base/java.util=ALL-UNNAMED --add-opens=java.base/java.lang=ALL-UNNAMED --add-opens=java.base/sun.nio.fs=ALL-UNNAMED -Declipse.application=org.eclipse.jdt.ls.core.id1 -Dosgi.bundles.defaultStartLevel=4 -Declipse.product=org.eclipse.jdt.ls.core.product -Djava.import.generatesMetadataFilesAtProjectRoot=false -Dfile.encoding=utf8 -DwatchParentProcess=false -XX:+UseParallelGC -XX:GCTimeRatio=4 -XX:AdaptiveSizePolicyWeight=90 -Dsun.zip.disableMemoryMapping=true -Xmx1G -Xms100m -Xlog:disable -javaagent:c:\Users\Rochelle Reyes\.vscode\extensions\redhat.java-1.11.0-win32-x64\lombok\lombok-1.18.24.jar c:\Users\Rochelle Reyes\.vscode\extensions\redhat.java-1.11.0-win32-x64\server\plugins\org.eclipse.equinox.launcher_1.6.400.v20210924-0641.jar -configuration c:\Users\Rochelle Reyes\AppData\Roaming\Code\User\globalStorage\redhat.java\1.11.0\config_ss_win -data c:\Users\Rochelle Reyes\AppData\Roaming\Code\User\workspaceStorage\b2614a7c1d711d3cbabaa9c231bc65f0\redhat.java\ss_ws

Host: Intel(R) Core(TM) i5-5300U CPU @ 2.30GHz, 4 cores, 7G,  Windows 10 , 64 bit Build 18362 (10.0.18362.1110)
Time: Wed Feb  8 17:33:53 2023 Pacific Standard Time (Mexico) elapsed time: 18.446318 seconds (0d 0h 0m 18s)

---------------  T H R E A D  ---------------

Current thread (0x000001aa51084780):  JavaThread "Start Level: Equinox Container: b48f4196-6c19-4d66-bd65-70917f0cfbd3" daemon [_thread_in_vm, id=10076, stack(0x0000001077d00000,0x0000001077e00000)]

Stack: [0x0000001077d00000,0x0000001077e00000]
Native frames: (J=compiled Java code, j=interpreted, Vv=VM code, C=native code)
V  [jvm.dll+0x67731a]
V  [jvm.dll+0x832284]
V  [jvm.dll+0x833a2e]
V  [jvm.dll+0x834093]
V  [jvm.dll+0x245775]
V  [jvm.dll+0x82e22b]
V  [jvm.dll+0x61bdf6]
V  [jvm.dll+0x1c07be]
V  [jvm.dll+0x61e741]
V  [jvm.dll+0x61c796]
V  [jvm.dll+0x239e0f]
V  [jvm.dll+0x6265a5]
V  [jvm.dll+0x1ea5db]
V  [jvm.dll+0x1eab15]
V  [jvm.dll+0x1eb54f]
V  [jvm.dll+0x1e09f1]
V  [jvm.dll+0x53c910]
V  [jvm.dll+0x7ad138]
V  [jvm.dll+0x7ad224]
V  [jvm.dll+0x40ccd5]
V  [jvm.dll+0x412ec8]
C  [java.dll+0x17ec]

Java frames: (J=compiled Java code, j=interpreted, Vv=VM code)
J 1073  java.lang.ClassLoader.defineClass1(Ljava/lang/ClassLoader;Ljava/lang/String;[BIILjava/security/ProtectionDomain;Ljava/lang/String;)Ljava/lang/Class; java.base@17.0.4.1 (0 bytes) @ 0x000001aa44e6e25b [0x000001aa44e6e1a0+0x00000000000000bb]
J 1660 c1 java.lang.ClassLoader.defineClass(Ljava/lang/String;[BIILjava/security/ProtectionDomain;)Ljava/lang/Class; java.base@17.0.4.1 (43 bytes) @ 0x000001aa3dbda954 [0x000001aa3dbda600+0x0000000000000354]
J 2361 c1 org.eclipse.osgi.internal.loader.ModuleClassLoader.defineClass(Ljava/lang/String;[BLorg/eclipse/osgi/internal/loader/classpath/ClasspathEntry;)Lorg/eclipse/osgi/internal/loader/ModuleClassLoader$DefineClassResult; (138 bytes) @ 0x000001aa3dda171c [0x000001aa3dda14c0+0x000000000000025c]
J 2230 c1 org.eclipse.osgi.internal.loader.classpath.ClasspathManager.defineClass(Ljava/lang/String;[BLorg/eclipse/osgi/internal/loader/classpath/ClasspathEntry;Lorg/eclipse/osgi/storage/bundlefile/BundleEntry;Ljava/util/List;)Ljava/lang/Class; (636 bytes) @ 0x000001aa3dd3feb4 [0x000001aa3dd3e4e0+0x00000000000019d4]
J 2007 c1 org.eclipse.osgi.internal.loader.classpath.ClasspathManager.findClassImpl(Ljava/lang/String;Lorg/eclipse/osgi/internal/loader/classpath/ClasspathEntry;Ljava/util/List;)Ljava/lang/Class; (308 bytes) @ 0x000001aa3dcc5f64 [0x000001aa3dcc31c0+0x0000000000002da4]
J 2006 c1 org.eclipse.osgi.internal.loader.classpath.ClasspathManager.findLocalClassImpl(Ljava/lang/String;[Lorg/eclipse/osgi/internal/loader/classpath/ClasspathEntry;Ljava/util/List;)Ljava/lang/Class; (55 bytes) @ 0x000001aa3dcc264c [0x000001aa3dcc24c0+0x000000000000018c]
J 2005 c1 org.eclipse.osgi.internal.loader.classpath.ClasspathManager.findLocalClassImpl(Ljava/lang/String;Ljava/util/List;)Ljava/lang/Class; (132 bytes) @ 0x000001aa3dcc1bd4 [0x000001aa3dcc16c0+0x0000000000000514]
J 2075 c1 org.eclipse.osgi.internal.loader.classpath.ClasspathManager.findLocalClass(Ljava/lang/String;)Ljava/lang/Class; (210 bytes) @ 0x000001aa3dce4cbc [0x000001aa3dce4020+0x0000000000000c9c]
J 2000 c1 org.eclipse.osgi.internal.loader.BundleLoader.findLocalClass(Ljava/lang/String;)Ljava/lang/Class; (152 bytes) @ 0x000001aa3dcba1ec [0x000001aa3dcb99a0+0x000000000000084c]
J 1623 c1 org.eclipse.osgi.internal.loader.BundleLoader.findClass0(Ljava/lang/String;ZZ)Ljava/lang/Class; (466 bytes) @ 0x000001aa3dbc9c14 [0x000001aa3dbc7520+0x00000000000026f4]
J 1622 c1 org.eclipse.osgi.internal.loader.BundleLoader.findClass(Ljava/lang/String;)Ljava/lang/Class; (8 bytes) @ 0x000001aa3dbc6c1c [0x000001aa3dbc6ba0+0x000000000000007c]
J 1625 c1 org.eclipse.osgi.internal.loader.ModuleClassLoader.loadClass(Ljava/lang/String;Z)Ljava/lang/Class; (36 bytes) @ 0x000001aa3dbcd9bc [0x000001aa3dbcd7a0+0x000000000000021c]
J 810 c1 java.lang.ClassLoader.loadClass(Ljava/lang/String;)Ljava/lang/Class; java.base@17.0.4.1 (7 bytes) @ 0x000001aa3da334bc [0x000001aa3da333c0+0x00000000000000fc]
v  ~StubRoutines::call_stub
j  org.eclipse.core.internal.resources.Workspace.startup(Lorg/eclipse/core/runtime/IProgressMonitor;)V+178
j  org.eclipse.core.internal.resources.Workspace.open(Lorg/eclipse/core/runtime/IProgressMonitor;)Lorg/eclipse/core/runtime/IStatus;+136
j  org.eclipse.core.resources.ResourcesPlugin$WorkspaceInitCustomizer.addingService(Lorg/osgi/framework/ServiceReference;)Lorg/eclipse/core/internal/resources/Workspace;+45
j  org.eclipse.core.resources.ResourcesPlugin$WorkspaceInitCustomizer.addingService(Lorg/osgi/framework/ServiceReference;)Ljava/lang/Object;+5
j  org.osgi.util.tracker.ServiceTracker$Tracked.customizerAdding(Lorg/osgi/framework/ServiceReference;Lorg/osgi/framework/ServiceEvent;)Ljava/lang/Object;+8
j  org.osgi.util.tracker.ServiceTracker$Tracked.customizerAdding(Ljava/lang/Object;Ljava/lang/Object;)Ljava/lang/Object;+9
j  org.osgi.util.tracker.AbstractTracked.trackAdding(Ljava/lang/Object;Ljava/lang/Object;)V+8
j  org.osgi.util.tracker.AbstractTracked.trackInitial()V+90
j  org.osgi.util.tracker.ServiceTracker.open(Z)V+198
j  org.osgi.util.tracker.ServiceTracker.open()V+2
j  org.eclipse.core.resources.ResourcesPlugin.start(Lorg/osgi/framework/BundleContext;)V+106
j  org.eclipse.osgi.internal.framework.BundleContextImpl$2.run()Ljava/lang/Void;+23
j  org.eclipse.osgi.internal.framework.BundleContextImpl$2.run()Ljava/lang/Object;+1
J 1228 c1 java.security.AccessController.executePrivileged(Ljava/security/PrivilegedExceptionAction;Ljava/security/AccessControlContext;Ljava/lang/Class;)Ljava/lang/Object; java.base@17.0.4.1 (65 bytes) @ 0x000001aa3db05534 [0x000001aa3db053e0+0x0000000000000154]
j  java.security.AccessController.doPrivileged(Ljava/security/PrivilegedExceptionAction;)Ljava/lang/Object;+9 java.base@17.0.4.1
j  org.eclipse.osgi.internal.framework.BundleContextImpl.startActivator(Lorg/osgi/framework/BundleActivator;)V+9
j  org.eclipse.osgi.internal.framework.BundleContextImpl.start()V+134
j  org.eclipse.osgi.internal.framework.EquinoxBundle.startWorker0()V+35
j  org.eclipse.osgi.internal.framework.EquinoxBundle$EquinoxModule.startWorker()V+4
j  org.eclipse.osgi.container.Module.doStart([Lorg/eclipse/osgi/container/Module$StartOptions;)Lorg/eclipse/osgi/container/ModuleContainerAdaptor$ModuleEvent;+190
j  org.eclipse.osgi.container.Module.start([Lorg/eclipse/osgi/container/Module$StartOptions;)V+460
j  org.eclipse.osgi.framework.util.SecureAction.start(Lorg/eclipse/osgi/container/Module;[Lorg/eclipse/osgi/container/Module$StartOptions;)V+8
J 2002 c1 org.eclipse.osgi.internal.hooks.EclipseLazyStarter.postFindLocalClass(Ljava/lang/String;Ljava/lang/Class;Lorg/eclipse/osgi/internal/loader/classpath/ClasspathManager;)V (394 bytes) @ 0x000001aa3dcbd1bc [0x000001aa3dcbc240+0x0000000000000f7c]
J 2075 c1 org.eclipse.osgi.internal.loader.classpath.ClasspathManager.findLocalClass(Ljava/lang/String;)Ljava/lang/Class; (210 bytes) @ 0x000001aa3dce4fd4 [0x000001aa3dce4020+0x0000000000000fb4]
J 2000 c1 org.eclipse.osgi.internal.loader.BundleLoader.findLocalClass(Ljava/lang/String;)Ljava/lang/Class; (152 bytes) @ 0x000001aa3dcba1ec [0x000001aa3dcb99a0+0x000000000000084c]
J 1623 c1 org.eclipse.osgi.internal.loader.BundleLoader.findClass0(Ljava/lang/String;ZZ)Ljava/lang/Class; (466 bytes) @ 0x000001aa3dbc9c14 [0x000001aa3dbc7520+0x00000000000026f4]
J 1622 c1 org.eclipse.osgi.internal.loader.BundleLoader.findClass(Ljava/lang/String;)Ljava/lang/Class; (8 bytes) @ 0x000001aa3dbc6c1c [0x000001aa3dbc6ba0+0x000000000000007c]
J 1625 c1 org.eclipse.osgi.internal.loader.ModuleClassLoader.loadClass(Ljava/lang/String;Z)Ljava/lang/Class; (36 bytes) @ 0x000001aa3dbcd9bc [0x000001aa3dbcd7a0+0x000000000000021c]
J 810 c1 java.lang.ClassLoader.loadClass(Ljava/lang/String;)Ljava/lang/Class; java.base@17.0.4.1 (7 bytes) @ 0x000001aa3da334bc [0x000001aa3da333c0+0x00000000000000fc]
v  ~StubRoutines::call_stub
j  java.lang.Class.getDeclaredConstructors0(Z)[Ljava/lang/reflect/Constructor;+0 java.base@17.0.4.1
j  java.lang.Class.privateGetDeclaredConstructors(Z)[Ljava/lang/reflect/Constructor;+52 java.base@17.0.4.1
j  java.lang.Class.getConstructor0([Ljava/lang/Class;I)Ljava/lang/reflect/Constructor;+14 java.base@17.0.4.1
j  java.lang.Class.getConstructor([Ljava/lang/Class;)Ljava/lang/reflect/Constructor;+24 java.base@17.0.4.1
j  org.eclipse.osgi.internal.framework.BundleContextImpl.loadBundleActivator()Lorg/osgi/framework/BundleActivator;+105
j  org.eclipse.osgi.internal.framework.BundleContextImpl.start()V+18
j  org.eclipse.osgi.internal.framework.EquinoxBundle.startWorker0()V+35
j  org.eclipse.osgi.internal.framework.EquinoxBundle$EquinoxModule.startWorker()V+4
j  org.eclipse.osgi.container.Module.doStart([Lorg/eclipse/osgi/container/Module$StartOptions;)Lorg/eclipse/osgi/container/ModuleContainerAdaptor$ModuleEvent;+190
j  org.eclipse.osgi.container.Module.start([Lorg/eclipse/osgi/container/Module$StartOptions;)V+460
j  org.eclipse.osgi.container.ModuleContainer$ContainerStartLevel$2.run()V+71
j  org.eclipse.osgi.internal.framework.EquinoxContainerAdaptor$1$1.execute(Ljava/lang/Runnable;)V+1
j  org.eclipse.osgi.container.ModuleContainer$ContainerStartLevel.incStartLevel(ILjava/util/List;Z)V+192
j  org.eclipse.osgi.container.ModuleContainer$ContainerStartLevel.incStartLevel(ILjava/util/List;Ljava/util/List;Ljava/util/List;Ljava/util/List;)V+19
j  org.eclipse.osgi.container.ModuleContainer$ContainerStartLevel.doContainerStartLevel(Lorg/eclipse/osgi/container/Module;I[Lorg/osgi/framework/FrameworkListener;)V+349
j  org.eclipse.osgi.container.ModuleContainer$ContainerStartLevel.dispatchEvent(Lorg/eclipse/osgi/container/Module;[Lorg/osgi/framework/FrameworkListener;ILjava/lang/Integer;)V+32
j  org.eclipse.osgi.container.ModuleContainer$ContainerStartLevel.dispatchEvent(Ljava/lang/Object;Ljava/lang/Object;ILjava/lang/Object;)V+15
j  org.eclipse.osgi.framework.eventmgr.EventManager.dispatchEvent(Ljava/util/Set;Lorg/eclipse/osgi/framework/eventmgr/EventDispatcher;ILjava/lang/Object;)V+48
j  org.eclipse.osgi.framework.eventmgr.EventManager$EventThread.run()V+26
v  ~StubRoutines::call_stub

---------------  P R O C E S S  ---------------

Threads class SMR info:
_java_thread_list=0x000001aa50c599c0, length=18, elements={
0x000001aa38ee9b30, 0x000001aa4ec4a790, 0x000001aa4ec4b510, 0x000001aa4ec78270,
0x000001aa4ec78df0, 0x000001aa4ec79970, 0x000001aa4ec7c3b0, 0x000001aa4ec7d050,
0x000001aa4ec7e1a0, 0x000001aa4ec82ee0, 0x000001aa38f4f100, 0x000001aa50868d30,
0x000001aa50762d80, 0x000001aa508a1d90, 0x000001aa51084780, 0x000001aa50d9a400,
0x000001aa5104c010, 0x000001aa50d897a0
}

Java Threads: ( => current thread )
  0x000001aa38ee9b30 JavaThread "main" [_thread_blocked, id=5568, stack(0x0000001076900000,0x0000001076a00000)]
  0x000001aa4ec4a790 JavaThread "Reference Handler" daemon [_thread_blocked, id=4952, stack(0x0000001076c00000,0x0000001076d00000)]
  0x000001aa4ec4b510 JavaThread "Finalizer" daemon [_thread_blocked, id=10280, stack(0x0000001076d00000,0x0000001076e00000)]
  0x000001aa4ec78270 JavaThread "Signal Dispatcher" daemon [_thread_blocked, id=11220, stack(0x0000001076e00000,0x0000001076f00000)]
  0x000001aa4ec78df0 JavaThread "Attach Listener" daemon [_thread_blocked, id=13648, stack(0x0000001076f00000,0x0000001077000000)]
  0x000001aa4ec79970 JavaThread "Service Thread" daemon [_thread_blocked, id=236, stack(0x0000001077000000,0x0000001077100000)]
  0x000001aa4ec7c3b0 JavaThread "Monitor Deflation Thread" daemon [_thread_blocked, id=8276, stack(0x0000001077100000,0x0000001077200000)]
  0x000001aa4ec7d050 JavaThread "C2 CompilerThread0" daemon [_thread_blocked, id=780, stack(0x0000001077200000,0x0000001077300000)]
  0x000001aa4ec7e1a0 JavaThread "C1 CompilerThread0" daemon [_thread_blocked, id=16740, stack(0x0000001077300000,0x0000001077400000)]
  0x000001aa4ec82ee0 JavaThread "Sweeper thread" daemon [_thread_blocked, id=19092, stack(0x0000001077400000,0x0000001077500000)]
  0x000001aa38f4f100 JavaThread "Common-Cleaner" daemon [_thread_blocked, id=15760, stack(0x0000001077500000,0x0000001077600000)]
  0x000001aa50868d30 JavaThread "Notification Thread" daemon [_thread_blocked, id=10868, stack(0x0000001077600000,0x0000001077700000)]
  0x000001aa50762d80 JavaThread "Active Thread: Equinox Container: b48f4196-6c19-4d66-bd65-70917f0cfbd3" [_thread_blocked, id=16404, stack(0x0000001077c00000,0x0000001077d00000)]
  0x000001aa508a1d90 JavaThread "Framework Event Dispatcher: Equinox Container: b48f4196-6c19-4d66-bd65-70917f0cfbd3" daemon [_thread_blocked, id=11552, stack(0x0000001077b00000,0x0000001077c00000)]
=>0x000001aa51084780 JavaThread "Start Level: Equinox Container: b48f4196-6c19-4d66-bd65-70917f0cfbd3" daemon [_thread_in_vm, id=10076, stack(0x0000001077d00000,0x0000001077e00000)]
  0x000001aa50d9a400 JavaThread "SCR Component Actor" daemon [_thread_blocked, id=16828, stack(0x0000001077e00000,0x0000001077f00000)]
  0x000001aa5104c010 JavaThread "SCR Component Registry" daemon [_thread_blocked, id=11400, stack(0x0000001077f00000,0x0000001078000000)]
  0x000001aa50d897a0 JavaThread "Worker-JM" [_thread_blocked, id=12560, stack(0x0000001078000000,0x0000001078100000)]

Other Threads:
  0x000001aa4ec32fd0 VMThread "VM Thread" [stack: 0x0000001076b00000,0x0000001076c00000] [id=15976]
  0x000001aa50869200 WatcherThread [stack: 0x0000001077700000,0x0000001077800000] [id=19416]
  0x000001aa38f02cc0 GCTaskThread "GC Thread#0" [stack: 0x0000001076a00000,0x0000001076b00000] [id=17600]
  0x000001aa50dbbb20 GCTaskThread "GC Thread#1" [stack: 0x0000001077800000,0x0000001077900000] [id=19368]
  0x000001aa50dbbdd0 GCTaskThread "GC Thread#2" [stack: 0x0000001077900000,0x0000001077a00000] [id=14792]
  0x000001aa50dbc080 GCTaskThread "GC Thread#3" [stack: 0x0000001077a00000,0x0000001077b00000] [id=12128]

Threads with active compile tasks:

VM state: not at safepoint (normal execution)

VM Mutex/Monitor currently owned by a thread:  ([mutex/lock_event])
[0x000001aa38ee5aa0] Metaspace_lock - owner thread: 0x000001aa51084780

Heap address: 0x00000000c0000000, size: 1024 MB, Compressed Oops mode: 32-bit

CDS archive(s) not mapped
Compressed class space mapped at: 0x0000000100000000-0x0000000140000000, reserved size: 1073741824
Narrow klass base: 0x0000000000000000, Narrow klass shift: 3, Narrow klass range: 0x140000000

GC Precious Log:
 CPUs: 4 total, 4 available
 Memory: 8082M
 Large Page Support: Disabled
 NUMA Support: Disabled
 Compressed Oops: Enabled (32-bit)
 Alignments: Space 512K, Generation 512K, Heap 2M
 Heap Min Capacity: 100M
 Heap Initial Capacity: 100M
 Heap Max Capacity: 1G
 Pre-touch: Disabled
 Parallel Workers: 4

Heap:
 PSYoungGen      total 29696K, used 8703K [0x00000000eab00000, 0x00000000ecc00000, 0x0000000100000000)
  eden space 25600K, 18% used [0x00000000eab00000,0x00000000eaf86400,0x00000000ec400000)
  from space 4096K, 99% used [0x00000000ec400000,0x00000000ec7f9b00,0x00000000ec800000)
  to   space 4096K, 0% used [0x00000000ec800000,0x00000000ec800000,0x00000000ecc00000)
 ParOldGen       total 68608K, used 4169K [0x00000000c0000000, 0x00000000c4300000, 0x00000000eab00000)
  object space 68608K, 6% used [0x00000000c0000000,0x00000000c04127c0,0x00000000c4300000)
 Metaspace       used 20300K, committed 20608K, reserved 1073152K
  class space    used 2051K, committed 2176K, reserved 1048576K

Card table byte_map: [0x000001aa4c520000,0x000001aa4c730000] _byte_map_base: 0x000001aa4bf20000

Marking Bits: (ParMarkBitMap*) 0x00007ffc65882cc0
 Begin Bits: [0x000001aa4c890000, 0x000001aa4d890000)
 End Bits:   [0x000001aa4d890000, 0x000001aa4e890000)

Polling page: 0x000001aa38cd0000

Metaspace:

Usage:
  Non-class:     17.82 MB used.
      Class:      2.00 MB used.
       Both:     19.82 MB used.

Virtual space:
  Non-class space:       24.00 MB reserved,      18.00 MB ( 75%) committed,  3 nodes.
      Class space:        1.00 GB reserved,       2.13 MB ( <1%) committed,  1 nodes.
             Both:        1.02 GB reserved,      20.13 MB (  2%) committed. 

Chunk freelists:
   Non-Class:  1.61 MB
       Class:  1.88 MB
        Both:  3.48 MB

MaxMetaspaceSize: unlimited
CompressedClassSpaceSize: 1.00 GB
Initial GC threshold: 21.00 MB
Current GC threshold: 21.00 MB
CDS: off
MetaspaceReclaimPolicy: balanced
 - commit_granule_bytes: 65536.
 - commit_granule_words: 8192.
 - virtual_space_node_default_size: 1048576.
 - enlarge_chunks_in_place: 1.
 - new_chunks_are_fully_committed: 0.
 - uncommit_free_chunks: 1.
 - use_allocation_guard: 0.
 - handle_deallocations: 1.


Internal statistics:

num_allocs_failed_limit: 0.
num_arena_births: 158.
num_arena_deaths: 0.
num_vsnodes_births: 4.
num_vsnodes_deaths: 0.
num_space_committed: 322.
num_space_uncommitted: 0.
num_chunks_returned_to_freelist: 0.
num_chunks_taken_from_freelist: 568.
num_chunk_merges: 0.
num_chunk_splits: 384.
num_chunks_enlarged: 278.
num_purges: 0.
num_inconsistent_stats: 0.

CodeHeap 'non-profiled nmethods': size=120000Kb used=833Kb max_used=833Kb free=119166Kb
 bounds [0x000001aa44e10000, 0x000001aa45080000, 0x000001aa4c340000]
CodeHeap 'profiled nmethods': size=120000Kb used=4874Kb max_used=4874Kb free=115125Kb
 bounds [0x000001aa3d8e0000, 0x000001aa3ddb0000, 0x000001aa44e10000]
CodeHeap 'non-nmethods': size=5760Kb used=1184Kb max_used=1201Kb free=4575Kb
 bounds [0x000001aa3d340000, 0x000001aa3d5b0000, 0x000001aa3d8e0000]
 total_blobs=2835 nmethods=2353 adapters=396
 compilation: enabled
              stopped_count=0, restarted_count=0
 full_count=0

Compilation events (20 events):
Event: 18.220 Thread 0x000001aa4ec7e1a0 2352       3       org.eclipse.osgi.internal.framework.FilterImpl$Parser::parse_filter (125 bytes)
Event: 18.227 Thread 0x000001aa4ec7e1a0 nmethod 2352 0x000001aa3dd93d10 code [0x000001aa3dd94000, 0x000001aa3dd94cf8]
Event: 18.227 Thread 0x000001aa4ec7e1a0 2353       3       org.eclipse.osgi.internal.framework.FilterImpl::<init> (5 bytes)
Event: 18.228 Thread 0x000001aa4ec7e1a0 nmethod 2353 0x000001aa3dd95310 code [0x000001aa3dd954a0, 0x000001aa3dd955f8]
Event: 18.244 Thread 0x000001aa4ec7d050 2354       4       java.lang.StringBuilder::toString (35 bytes)
Event: 18.262 Thread 0x000001aa4ec7d050 nmethod 2354 0x000001aa44edf790 code [0x000001aa44edf920, 0x000001aa44edfd18]
Event: 18.282 Thread 0x000001aa4ec7e1a0 2355       3       java.util.HashMap::putVal (300 bytes)
Event: 18.291 Thread 0x000001aa4ec7e1a0 nmethod 2355 0x000001aa3dd95690 code [0x000001aa3dd95940, 0x000001aa3dd96a58]
Event: 18.311 Thread 0x000001aa4ec7e1a0 2356       3       java.util.concurrent.atomic.AtomicBoolean::getAndSet (25 bytes)
Event: 18.314 Thread 0x000001aa4ec7e1a0 nmethod 2356 0x000001aa3dd96f10 code [0x000001aa3dd97140, 0x000001aa3dd978b8]
Event: 18.315 Thread 0x000001aa4ec7e1a0 2357       3       java.lang.invoke.VarHandleInts$FieldInstanceReadWrite::getAndSet (28 bytes)
Event: 18.317 Thread 0x000001aa4ec7e1a0 nmethod 2357 0x000001aa3dd97b90 code [0x000001aa3dd97d80, 0x000001aa3dd98308]
Event: 18.332 Thread 0x000001aa4ec7e1a0 2358   !   3       org.eclipse.osgi.container.Module::start (655 bytes)
Event: 18.364 Thread 0x000001aa4ec7e1a0 nmethod 2358 0x000001aa3dd98510 code [0x000001aa3dd98fe0, 0x000001aa3dd9e888]
Event: 18.364 Thread 0x000001aa4ec7e1a0 2359       1       org.eclipse.core.internal.registry.Handle::getId (5 bytes)
Event: 18.364 Thread 0x000001aa4ec7e1a0 nmethod 2359 0x000001aa44edff10 code [0x000001aa44ee00a0, 0x000001aa44ee0178]
Event: 18.365 Thread 0x000001aa4ec7e1a0 2361   !   3       org.eclipse.osgi.internal.loader.ModuleClassLoader::defineClass (138 bytes)
Event: 18.370 Thread 0x000001aa4ec7e1a0 nmethod 2361 0x000001aa3dda1210 code [0x000001aa3dda14c0, 0x000001aa3dda2248]
Event: 18.371 Thread 0x000001aa4ec7e1a0 2360       1       org.eclipse.core.internal.registry.ConfigurationElement::getName (5 bytes)
Event: 18.371 Thread 0x000001aa4ec7e1a0 nmethod 2360 0x000001aa44ee0210 code [0x000001aa44ee03a0, 0x000001aa44ee0478]

GC Heap History (6 events):
Event: 8.328 GC heap before
{Heap before GC invocations=1 (full 0):
 PSYoungGen      total 29696K, used 25600K [0x00000000eab00000, 0x00000000ecc00000, 0x0000000100000000)
  eden space 25600K, 100% used [0x00000000eab00000,0x00000000ec400000,0x00000000ec400000)
  from space 4096K, 0% used [0x00000000ec800000,0x00000000ec800000,0x00000000ecc00000)
  to   space 4096K, 0% used [0x00000000ec400000,0x00000000ec400000,0x00000000ec800000)
 ParOldGen       total 68608K, used 0K [0x00000000c0000000, 0x00000000c4300000, 0x00000000eab00000)
  object space 68608K, 0% used [0x00000000c0000000,0x00000000c0000000,0x00000000c4300000)
 Metaspace       used 10843K, committed 11008K, reserved 1064960K
  class space    used 1084K, committed 1152K, reserved 1048576K
}
Event: 8.377 GC heap after
{Heap after GC invocations=1 (full 0):
 PSYoungGen      total 29696K, used 3208K [0x00000000eab00000, 0x00000000ecc00000, 0x0000000100000000)
  eden space 25600K, 0% used [0x00000000eab00000,0x00000000eab00000,0x00000000ec400000)
  from space 4096K, 78% used [0x00000000ec400000,0x00000000ec722208,0x00000000ec800000)
  to   space 4096K, 0% used [0x00000000ec800000,0x00000000ec800000,0x00000000ecc00000)
 ParOldGen       total 68608K, used 16K [0x00000000c0000000, 0x00000000c4300000, 0x00000000eab00000)
  object space 68608K, 0% used [0x00000000c0000000,0x00000000c0004000,0x00000000c4300000)
 Metaspace       used 10843K, committed 11008K, reserved 1064960K
  class space    used 1084K, committed 1152K, reserved 1048576K
}
Event: 12.581 GC heap before
{Heap before GC invocations=2 (full 0):
 PSYoungGen      total 29696K, used 28797K [0x00000000eab00000, 0x00000000ecc00000, 0x0000000100000000)
  eden space 25600K, 99% used [0x00000000eab00000,0x00000000ec3fd458,0x00000000ec400000)
  from space 4096K, 78% used [0x00000000ec400000,0x00000000ec722208,0x00000000ec800000)
  to   space 4096K, 0% used [0x00000000ec800000,0x00000000ec800000,0x00000000ecc00000)
 ParOldGen       total 68608K, used 16K [0x00000000c0000000, 0x00000000c4300000, 0x00000000eab00000)
  object space 68608K, 0% used [0x00000000c0000000,0x00000000c0004000,0x00000000c4300000)
 Metaspace       used 15028K, committed 15296K, reserved 1064960K
  class space    used 1538K, committed 1664K, reserved 1048576K
}
Event: 12.604 GC heap after
{Heap after GC invocations=2 (full 0):
 PSYoungGen      total 29696K, used 4078K [0x00000000eab00000, 0x00000000ecc00000, 0x0000000100000000)
  eden space 25600K, 0% used [0x00000000eab00000,0x00000000eab00000,0x00000000ec400000)
  from space 4096K, 99% used [0x00000000ec800000,0x00000000ecbfba78,0x00000000ecc00000)
  to   space 4096K, 0% used [0x00000000ec400000,0x00000000ec400000,0x00000000ec800000)
 ParOldGen       total 68608K, used 672K [0x00000000c0000000, 0x00000000c4300000, 0x00000000eab00000)
  object space 68608K, 0% used [0x00000000c0000000,0x00000000c00a8010,0x00000000c4300000)
 Metaspace       used 15028K, committed 15296K, reserved 1064960K
  class space    used 1538K, committed 1664K, reserved 1048576K
}
Event: 17.659 GC heap before
{Heap before GC invocations=3 (full 0):
 PSYoungGen      total 29696K, used 29678K [0x00000000eab00000, 0x00000000ecc00000, 0x0000000100000000)
  eden space 25600K, 100% used [0x00000000eab00000,0x00000000ec400000,0x00000000ec400000)
  from space 4096K, 99% used [0x00000000ec800000,0x00000000ecbfba78,0x00000000ecc00000)
  to   space 4096K, 0% used [0x00000000ec400000,0x00000000ec400000,0x00000000ec800000)
 ParOldGen       total 68608K, used 672K [0x00000000c0000000, 0x00000000c4300000, 0x00000000eab00000)
  object space 68608K, 0% used [0x00000000c0000000,0x00000000c00a8010,0x00000000c4300000)
 Metaspace       used 19392K, committed 19776K, reserved 1073152K
  class space    used 1953K, committed 2112K, reserved 1048576K
}
Event: 17.687 GC heap after
{Heap after GC invocations=3 (full 0):
 PSYoungGen      total 29696K, used 4070K [0x00000000eab00000, 0x00000000ecc00000, 0x0000000100000000)
  eden space 25600K, 0% used [0x00000000eab00000,0x00000000eab00000,0x00000000ec400000)
  from space 4096K, 99% used [0x00000000ec400000,0x00000000ec7f9b00,0x00000000ec800000)
  to   space 4096K, 0% used [0x00000000ec800000,0x00000000ec800000,0x00000000ecc00000)
 ParOldGen       total 68608K, used 4169K [0x00000000c0000000, 0x00000000c4300000, 0x00000000eab00000)
  object space 68608K, 6% used [0x00000000c0000000,0x00000000c04127c0,0x00000000c4300000)
 Metaspace       used 19392K, committed 19776K, reserved 1073152K
  class space    used 1953K, committed 2112K, reserved 1048576K
}

Deoptimization events (20 events):
Event: 15.495 Thread 0x000001aa51084780 DEOPT PACKING pc=0x000001aa44e2845c sp=0x0000001077df8970
Event: 15.495 Thread 0x000001aa51084780 DEOPT UNPACKING pc=0x000001aa3d3920a3 sp=0x0000001077df88f0 mode 2
Event: 15.495 Thread 0x000001aa51084780 Uncommon trap: trap_request=0xffffff45 fr.pc=0x000001aa44e3a6dc relative=0x000000000000005c
Event: 15.495 Thread 0x000001aa51084780 Uncommon trap: reason=unstable_if action=reinterpret pc=0x000001aa44e3a6dc method=java.lang.AbstractStringBuilder.isLatin1()Z @ 10 c2
Event: 15.495 Thread 0x000001aa51084780 DEOPT PACKING pc=0x000001aa44e3a6dc sp=0x0000001077df8950
Event: 15.495 Thread 0x000001aa51084780 DEOPT UNPACKING pc=0x000001aa3d3920a3 sp=0x0000001077df88e0 mode 2
Event: 15.543 Thread 0x000001aa51084780 Uncommon trap: trap_request=0xffffff45 fr.pc=0x000001aa44e35a48 relative=0x0000000000000048
Event: 15.543 Thread 0x000001aa51084780 Uncommon trap: reason=unstable_if action=reinterpret pc=0x000001aa44e35a48 method=java.lang.CharacterData.of(I)Ljava/lang/CharacterData; @ 4 c2
Event: 15.543 Thread 0x000001aa51084780 DEOPT PACKING pc=0x000001aa44e35a48 sp=0x0000001077df8120
Event: 15.543 Thread 0x000001aa51084780 DEOPT UNPACKING pc=0x000001aa3d3920a3 sp=0x0000001077df80b8 mode 2
Event: 17.194 Thread 0x000001aa51084780 DEOPT PACKING pc=0x000001aa3d9c229e sp=0x0000001077df8c50
Event: 17.194 Thread 0x000001aa51084780 DEOPT UNPACKING pc=0x000001aa3d392843 sp=0x0000001077df8148 mode 0
Event: 17.276 Thread 0x000001aa51084780 DEOPT PACKING pc=0x000001aa3d9c229e sp=0x0000001077df8c50
Event: 17.276 Thread 0x000001aa51084780 DEOPT UNPACKING pc=0x000001aa3d392843 sp=0x0000001077df8148 mode 0
Event: 17.280 Thread 0x000001aa51084780 DEOPT PACKING pc=0x000001aa3d9c229e sp=0x0000001077df8c50
Event: 17.280 Thread 0x000001aa51084780 DEOPT UNPACKING pc=0x000001aa3d392843 sp=0x0000001077df8148 mode 0
Event: 18.073 Thread 0x000001aa51084780 Uncommon trap: trap_request=0xffffff45 fr.pc=0x000001aa44e909d8 relative=0x0000000000000998
Event: 18.074 Thread 0x000001aa51084780 Uncommon trap: reason=unstable_if action=reinterpret pc=0x000001aa44e909d8 method=java.util.HashMap.putVal(ILjava/lang/Object;Ljava/lang/Object;ZZ)Ljava/lang/Object; @ 236 c2
Event: 18.074 Thread 0x000001aa51084780 DEOPT PACKING pc=0x000001aa44e909d8 sp=0x0000001077df8dc0
Event: 18.074 Thread 0x000001aa51084780 DEOPT UNPACKING pc=0x000001aa3d3920a3 sp=0x0000001077df8d48 mode 2

Classes unloaded (0 events):
No events

Classes redefined (0 events):
No events

Internal exceptions (20 events):
Event: 8.282 Thread 0x000001aa38ee9b30 Exception <a 'java/lang/NoSuchMethodError'{0x00000000ec3b89f0}: 'void java.lang.invoke.DirectMethodHandle$Holder.invokeSpecial(java.lang.Object, java.lang.Object, java.lang.Object)'> (0x00000000ec3b89f0) 
thrown [s\src\hotspot\share\interpreter\linkResolver.cpp, line 759]
Event: 10.209 Thread 0x000001aa38ee9b30 Exception <a 'java/lang/NoSuchMethodError'{0x00000000eb6b21a8}: 'java.lang.Object java.lang.invoke.DirectMethodHandle$Holder.newInvokeSpecial(java.lang.Object, int, java.lang.Object)'> (0x00000000eb6b21a8) 
thrown [s\src\hotspot\share\interpreter\linkResolver.cpp, line 759]
Event: 11.346 Thread 0x000001aa38ee9b30 Exception <a 'java/lang/UnsatisfiedLinkError'{0x00000000ebbe9340}: 'void org.eclipse.equinox.launcher.JNIBridge._update_splash()'> (0x00000000ebbe9340) 
thrown [s\src\hotspot\share\prims\nativeLookup.cpp, line 543]
Event: 11.728 Thread 0x000001aa51084780 Exception <a 'java/lang/NoSuchMethodError'{0x00000000ebf01750}: 'java.lang.Object java.lang.invoke.DirectMethodHandle$Holder.invokeStaticInit(java.lang.Object)'> (0x00000000ebf01750) 
thrown [s\src\hotspot\share\interpreter\linkResolver.cpp, line 759]
Event: 14.728 Thread 0x000001aa51084780 Exception <a 'java/io/FileNotFoundException'{0x00000000eb859478}> (0x00000000eb859478) 
thrown [s\src\hotspot\share\prims\jni.cpp, line 516]
Event: 14.765 Thread 0x000001aa51084780 Exception <a 'java/lang/NullPointerException'{0x00000000eb89eba8}> (0x00000000eb89eba8) 
thrown [s\src\hotspot\share\interpreter\linkResolver.cpp, line 1350]
Event: 14.765 Thread 0x000001aa51084780 Exception <a 'java/lang/NullPointerException'{0x00000000eb89f3d0}> (0x00000000eb89f3d0) 
thrown [s\src\hotspot\share\interpreter\linkResolver.cpp, line 1350]
Event: 15.807 Thread 0x000001aa51084780 Exception <a 'java/lang/NoSuchMethodError'{0x00000000ebf7bba8}: 'void java.lang.invoke.DirectMethodHandle$Holder.invokeInterface(java.lang.Object, java.lang.Object, java.lang.Object)'> (0x00000000ebf7bba8) 
thrown [s\src\hotspot\share\interpreter\linkResolver.cpp, line 759]
Event: 17.405 Thread 0x000001aa51084780 Exception <a 'java/lang/NoSuchMethodError'{0x00000000ec27dea0}: 'java.lang.Object java.lang.invoke.Invokers$Holder.invokeExact_MT(java.lang.Object, java.lang.Object, java.lang.Object, java.lang.Object, java.lang.Object, java.lang.Object)'> (0x00000000ec27dea0) 
thrown [s\src\hotspot\share\interpreter\linkResolver.cpp, line 759]
Event: 17.534 Thread 0x000001aa51084780 Exception <a 'java/lang/NoSuchMethodError'{0x00000000ec361770}: 'java.lang.Object java.lang.invoke.DirectMethodHandle$Holder.invokeStatic(java.lang.Object, java.lang.Object, int)'> (0x00000000ec361770) 
thrown [s\src\hotspot\share\interpreter\linkResolver.cpp, line 759]
Event: 17.538 Thread 0x000001aa51084780 Exception <a 'java/lang/NoSuchMethodError'{0x00000000ec366320}: 'void java.lang.invoke.DirectMethodHandle$Holder.invokeStatic(java.lang.Object, java.lang.Object, int, java.lang.Object)'> (0x00000000ec366320) 
thrown [s\src\hotspot\share\interpreter\linkResolver.cpp, line 759]
Event: 17.544 Thread 0x000001aa51084780 Exception <a 'java/lang/NoSuchMethodError'{0x00000000ec36da50}: 'void java.lang.invoke.DelegatingMethodHandle$Holder.delegate(java.lang.Object, java.lang.Object, int, java.lang.Object)'> (0x00000000ec36da50) 
thrown [s\src\hotspot\share\interpreter\linkResolver.cpp, line 759]
Event: 17.548 Thread 0x000001aa51084780 Exception <a 'java/lang/NoSuchMethodError'{0x00000000ec371e38}: 'int java.lang.invoke.DirectMethodHandle$Holder.invokeSpecial(java.lang.Object, java.lang.Object, java.lang.Object)'> (0x00000000ec371e38) 
thrown [s\src\hotspot\share\interpreter\linkResolver.cpp, line 759]
Event: 17.559 Thread 0x000001aa51084780 Exception <a 'java/lang/NoSuchMethodError'{0x00000000ec382428}: 'int java.lang.invoke.DirectMethodHandle$Holder.invokeStatic(java.lang.Object, java.lang.Object, int)'> (0x00000000ec382428) 
thrown [s\src\hotspot\share\interpreter\linkResolver.cpp, line 759]
Event: 17.561 Thread 0x000001aa51084780 Exception <a 'java/lang/NoSuchMethodError'{0x00000000ec3866a8}: 'int java.lang.invoke.DirectMethodHandle$Holder.invokeSpecial(java.lang.Object, java.lang.Object, java.lang.Object, int)'> (0x00000000ec3866a8) 
thrown [s\src\hotspot\share\interpreter\linkResolver.cpp, line 759]
Event: 17.586 Thread 0x000001aa51084780 Exception <a 'java/lang/NoSuchMethodError'{0x00000000ec3a1128}: 'java.lang.Object java.lang.invoke.DirectMethodHandle$Holder.invokeStatic(java.lang.Object, java.lang.Object, java.lang.Object, java.lang.Object, int)'> (0x00000000ec3a1128) 
thrown [s\src\hotspot\share\interpreter\linkResolver.cpp, line 759]
Event: 17.594 Thread 0x000001aa51084780 Exception <a 'java/lang/NoSuchMethodError'{0x00000000ec3ad120}: 'java.lang.Object java.lang.invoke.DelegatingMethodHandle$Holder.reinvoke_L(java.lang.Object, java.lang.Object, java.lang.Object, java.lang.Object, int, int)'> (0x00000000ec3ad120) 
thrown [s\src\hotspot\share\interpreter\linkResolver.cpp, line 759]
Event: 17.618 Thread 0x000001aa51084780 Exception <a 'java/lang/NoSuchMethodError'{0x00000000ec3c5058}: 'java.lang.Object java.lang.invoke.Invokers$Holder.invokeExact_MT(java.lang.Object, java.lang.Object, java.lang.Object, java.lang.Object)'> (0x00000000ec3c5058) 
thrown [s\src\hotspot\share\interpreter\linkResolver.cpp, line 759]
Event: 17.997 Thread 0x000001aa51084780 Exception <a 'java/io/FileNotFoundException'{0x00000000eac270f0}> (0x00000000eac270f0) 
thrown [s\src\hotspot\share\prims\jni.cpp, line 516]
Event: 18.010 Thread 0x000001aa51084780 Exception <a 'java/io/FileNotFoundException'{0x00000000eac3df38}> (0x00000000eac3df38) 
thrown [s\src\hotspot\share\prims\jni.cpp, line 516]

VM Operations (20 events):
Event: 11.826 Executing VM operation: HandshakeAllThreads
Event: 11.826 Executing VM operation: HandshakeAllThreads done
Event: 12.580 Executing VM operation: ParallelGCFailedAllocation
Event: 12.604 Executing VM operation: ParallelGCFailedAllocation done
Event: 13.617 Executing VM operation: Cleanup
Event: 13.618 Executing VM operation: Cleanup done
Event: 14.621 Executing VM operation: Cleanup
Event: 14.630 Executing VM operation: Cleanup done
Event: 15.172 Executing VM operation: HandshakeAllThreads
Event: 15.172 Executing VM operation: HandshakeAllThreads done
Event: 15.545 Executing VM operation: HandshakeAllThreads
Event: 15.546 Executing VM operation: HandshakeAllThreads done
Event: 15.565 Executing VM operation: HandshakeAllThreads
Event: 15.565 Executing VM operation: HandshakeAllThreads done
Event: 16.566 Executing VM operation: Cleanup
Event: 16.716 Executing VM operation: Cleanup done
Event: 17.531 Executing VM operation: HandshakeAllThreads
Event: 17.532 Executing VM operation: HandshakeAllThreads done
Event: 17.659 Executing VM operation: ParallelGCFailedAllocation
Event: 17.687 Executing VM operation: ParallelGCFailedAllocation done

Events (20 events):
Event: 18.258 loading class java/util/stream/Node$OfPrimitive
Event: 18.258 loading class java/util/stream/Node$OfPrimitive done
Event: 18.258 loading class java/util/stream/Node$OfInt done
Event: 18.259 loading class java/util/stream/Nodes$EmptyNode$OfInt done
Event: 18.259 loading class java/util/stream/Nodes$EmptyNode$OfLong
Event: 18.259 loading class java/util/stream/Node$OfLong
Event: 18.260 loading class java/util/stream/Node$OfLong done
Event: 18.260 loading class java/util/stream/Nodes$EmptyNode$OfLong done
Event: 18.260 loading class java/util/stream/Nodes$EmptyNode$OfDouble
Event: 18.260 loading class java/util/stream/Node$OfDouble
Event: 18.261 loading class java/util/stream/Node$OfDouble done
Event: 18.261 loading class java/util/stream/Nodes$EmptyNode$OfDouble done
Event: 18.261 loading class java/util/stream/Nodes$SpinedNodeBuilder
Event: 18.262 loading class java/util/stream/Node$Builder
Event: 18.262 loading class java/util/stream/Node$Builder done
Event: 18.262 loading class java/util/stream/Nodes$SpinedNodeBuilder done
Event: 18.263 loading class java/util/stream/SortedOps$RefSortingSink
Event: 18.263 loading class java/util/stream/SortedOps$AbstractRefSortingSink
Event: 18.264 loading class java/util/stream/SortedOps$AbstractRefSortingSink done
Event: 18.264 loading class java/util/stream/SortedOps$RefSortingSink done


Dynamic libraries:
0x00007ff737d40000 - 0x00007ff737d4e000 	c:\Users\Rochelle Reyes\.vscode\extensions\redhat.java-1.11.0-win32-x64\jre\17.0.4.1-win32-x86_64\bin\java.exe
0x00007ffcad5e0000 - 0x00007ffcad7d0000 	C:\WINDOWS\SYSTEM32\ntdll.dll
0x00007ffc7b6d0000 - 0x00007ffc7b6e7000 	C:\Program Files\AVAST Software\Avast\aswhook.dll
0x00007ffcad430000 - 0x00007ffcad4e2000 	C:\WINDOWS\System32\KERNEL32.DLL
0x00007ffcab0d0000 - 0x00007ffcab375000 	C:\WINDOWS\System32\KERNELBASE.dll
0x00007ffcab410000 - 0x00007ffcab50a000 	C:\WINDOWS\System32\ucrtbase.dll
0x00007ffca2370000 - 0x00007ffca2388000 	c:\Users\Rochelle Reyes\.vscode\extensions\redhat.java-1.11.0-win32-x64\jre\17.0.4.1-win32-x86_64\bin\jli.dll
0x00007ffcabd50000 - 0x00007ffcabee4000 	C:\WINDOWS\System32\USER32.dll
0x00007ffcab510000 - 0x00007ffcab531000 	C:\WINDOWS\System32\win32u.dll
0x00007ffcad1b0000 - 0x00007ffcad1d6000 	C:\WINDOWS\System32\GDI32.dll
0x00007ffcaa7a0000 - 0x00007ffcaa936000 	C:\WINDOWS\System32\gdi32full.dll
0x00007ffcaa630000 - 0x00007ffcaa6ce000 	C:\WINDOWS\System32\msvcp_win.dll
0x00007ffc9fa30000 - 0x00007ffc9fa49000 	c:\Users\Rochelle Reyes\.vscode\extensions\redhat.java-1.11.0-win32-x64\jre\17.0.4.1-win32-x86_64\bin\VCRUNTIME140.dll
0x00007ffc9b8a0000 - 0x00007ffc9bb24000 	C:\WINDOWS\WinSxS\amd64_microsoft.windows.common-controls_6595b64144ccf1df_6.0.18362.1256_none_9e7e379be45e40e2\COMCTL32.dll
0x00007ffcad110000 - 0x00007ffcad1ae000 	C:\WINDOWS\System32\msvcrt.dll
0x00007ffcab730000 - 0x00007ffcaba66000 	C:\WINDOWS\System32\combase.dll
0x00007ffcac2c0000 - 0x00007ffcac3e0000 	C:\WINDOWS\System32\RPCRT4.dll
0x00007ffcab380000 - 0x00007ffcab401000 	C:\WINDOWS\System32\bcryptPrimitives.dll
0x00007ffcab700000 - 0x00007ffcab72e000 	C:\WINDOWS\System32\IMM32.DLL
0x00007ffca2630000 - 0x00007ffca263c000 	c:\Users\Rochelle Reyes\.vscode\extensions\redhat.java-1.11.0-win32-x64\jre\17.0.4.1-win32-x86_64\bin\vcruntime140_1.dll
0x00007ffc8d6b0000 - 0x00007ffc8d741000 	c:\Users\Rochelle Reyes\.vscode\extensions\redhat.java-1.11.0-win32-x64\jre\17.0.4.1-win32-x86_64\bin\msvcp140.dll
0x00007ffc64d00000 - 0x00007ffc65946000 	c:\Users\Rochelle Reyes\.vscode\extensions\redhat.java-1.11.0-win32-x64\jre\17.0.4.1-win32-x86_64\bin\server\jvm.dll
0x00007ffcabb40000 - 0x00007ffcabbe3000 	C:\WINDOWS\System32\ADVAPI32.dll
0x00007ffcad330000 - 0x00007ffcad3c7000 	C:\WINDOWS\System32\sechost.dll
0x00007ffcad1e0000 - 0x00007ffcad1e8000 	C:\WINDOWS\System32\PSAPI.DLL
0x00007ffc9a880000 - 0x00007ffc9a889000 	C:\WINDOWS\SYSTEM32\WSOCK32.dll
0x00007ffcac250000 - 0x00007ffcac2bf000 	C:\WINDOWS\System32\WS2_32.dll
0x00007ffca66f0000 - 0x00007ffca6714000 	C:\WINDOWS\SYSTEM32\WINMM.dll
0x00007ffc9f0a0000 - 0x00007ffc9f0aa000 	C:\WINDOWS\SYSTEM32\VERSION.dll
0x00007ffca66c0000 - 0x00007ffca66ed000 	C:\WINDOWS\SYSTEM32\WINMMBASE.dll
0x00007ffcaa5e0000 - 0x00007ffcaa62a000 	C:\WINDOWS\System32\cfgmgr32.dll
0x00007ffcaa490000 - 0x00007ffcaa4a1000 	C:\WINDOWS\System32\kernel.appcore.dll
0x00007ffca25e0000 - 0x00007ffca25ea000 	c:\Users\Rochelle Reyes\.vscode\extensions\redhat.java-1.11.0-win32-x64\jre\17.0.4.1-win32-x86_64\bin\jimage.dll
0x00007ffca8d70000 - 0x00007ffca8f64000 	C:\WINDOWS\SYSTEM32\DBGHELP.DLL
0x00007ffc9e9c0000 - 0x00007ffc9e9ea000 	C:\WINDOWS\SYSTEM32\dbgcore.DLL
0x00007ffca23a0000 - 0x00007ffca23ae000 	c:\Users\Rochelle Reyes\.vscode\extensions\redhat.java-1.11.0-win32-x64\jre\17.0.4.1-win32-x86_64\bin\instrument.dll
0x00007ffc9f480000 - 0x00007ffc9f4a5000 	c:\Users\Rochelle Reyes\.vscode\extensions\redhat.java-1.11.0-win32-x64\jre\17.0.4.1-win32-x86_64\bin\java.dll
0x00007ffca2410000 - 0x00007ffca2428000 	c:\Users\Rochelle Reyes\.vscode\extensions\redhat.java-1.11.0-win32-x64\jre\17.0.4.1-win32-x86_64\bin\zip.dll
0x00007ffcac3e0000 - 0x00007ffcacac7000 	C:\WINDOWS\System32\SHELL32.dll
0x00007ffcabef0000 - 0x00007ffcabf99000 	C:\WINDOWS\System32\shcore.dll
0x00007ffcaa940000 - 0x00007ffcab0c1000 	C:\WINDOWS\System32\windows.storage.dll
0x00007ffcaa4b0000 - 0x00007ffcaa4d3000 	C:\WINDOWS\System32\profapi.dll
0x00007ffcaa500000 - 0x00007ffcaa54a000 	C:\WINDOWS\System32\powrprof.dll
0x00007ffcaa480000 - 0x00007ffcaa490000 	C:\WINDOWS\System32\UMPDC.dll
0x00007ffcacb60000 - 0x00007ffcacbb2000 	C:\WINDOWS\System32\shlwapi.dll
0x00007ffcaa6d0000 - 0x00007ffcaa6e7000 	C:\WINDOWS\System32\cryptsp.dll
0x00007ffca2550000 - 0x00007ffca2569000 	C:\Users\Rochelle Reyes\.vscode\extensions\redhat.java-1.11.0-win32-x64\jre\17.0.4.1-win32-x86_64\bin\net.dll
0x00007ffc9eb30000 - 0x00007ffc9ec20000 	C:\WINDOWS\SYSTEM32\WINHTTP.dll
0x00007ffca9cd0000 - 0x00007ffca9d37000 	C:\WINDOWS\system32\mswsock.dll
0x00007ffca23f0000 - 0x00007ffca2405000 	C:\Users\Rochelle Reyes\.vscode\extensions\redhat.java-1.11.0-win32-x64\jre\17.0.4.1-win32-x86_64\bin\nio.dll
0x00007ffca23e0000 - 0x00007ffca23f0000 	c:\Users\Rochelle Reyes\.vscode\extensions\redhat.java-1.11.0-win32-x64\jre\17.0.4.1-win32-x86_64\bin\verify.dll
0x00007ffc9f440000 - 0x00007ffc9f47e000 	C:\Users\Rochelle Reyes\AppData\Roaming\Code\User\globalStorage\redhat.java\1.11.0\config_ss_win\org.eclipse.equinox.launcher\org.eclipse.equinox.launcher.win32.win32.x86_64_1.2.600.v20220720-1916\eclipse_11700.dll
0x00007ffcabbf0000 - 0x00007ffcabd47000 	C:\WINDOWS\System32\ole32.dll
0x00007ffca23d0000 - 0x00007ffca23d9000 	C:\Users\Rochelle Reyes\.vscode\extensions\redhat.java-1.11.0-win32-x64\jre\17.0.4.1-win32-x86_64\bin\management.dll
0x00007ffca23c0000 - 0x00007ffca23cb000 	C:\Users\Rochelle Reyes\.vscode\extensions\redhat.java-1.11.0-win32-x64\jre\17.0.4.1-win32-x86_64\bin\management_ext.dll

dbghelp: loaded successfully - version: 4.0.5 - missing functions: none
symbol engine: initialized successfully - sym options: 0x614 - pdb path: .;c:\Users\Rochelle Reyes\.vscode\extensions\redhat.java-1.11.0-win32-x64\jre\17.0.4.1-win32-x86_64\bin;C:\WINDOWS\SYSTEM32;C:\Program Files\AVAST Software\Avast;C:\WINDOWS\WinSxS\amd64_microsoft.windows.common-controls_6595b64144ccf1df_6.0.18362.1256_none_9e7e379be45e40e2;c:\Users\Rochelle Reyes\.vscode\extensions\redhat.java-1.11.0-win32-x64\jre\17.0.4.1-win32-x86_64\bin\server;C:\Users\Rochelle Reyes\AppData\Roaming\Code\User\globalStorage\redhat.java\1.11.0\config_ss_win\org.eclipse.equinox.launcher\org.eclipse.equinox.launcher.win32.win32.x86_64_1.2.600.v20220720-1916

VM Arguments:
jvm_args: --add-modules=ALL-SYSTEM --add-opens=java.base/java.util=ALL-UNNAMED --add-opens=java.base/java.lang=ALL-UNNAMED --add-opens=java.base/sun.nio.fs=ALL-UNNAMED -Declipse.application=org.eclipse.jdt.ls.core.id1 -Dosgi.bundles.defaultStartLevel=4 -Declipse.product=org.eclipse.jdt.ls.core.product -Djava.import.generatesMetadataFilesAtProjectRoot=false -Dfile.encoding=utf8 -DwatchParentProcess=false -XX:+UseParallelGC -XX:GCTimeRatio=4 -XX:AdaptiveSizePolicyWeight=90 -Dsun.zip.disableMemoryMapping=true -Xmx1G -Xms100m -Xlog:disable -javaagent:c:\Users\Rochelle Reyes\.vscode\extensions\redhat.java-1.11.0-win32-x64\lombok\lombok-1.18.24.jar 
java_command: c:\Users\Rochelle Reyes\.vscode\extensions\redhat.java-1.11.0-win32-x64\server\plugins\org.eclipse.equinox.launcher_1.6.400.v20210924-0641.jar -configuration c:\Users\Rochelle Reyes\AppData\Roaming\Code\User\globalStorage\redhat.java\1.11.0\config_ss_win -data c:\Users\Rochelle Reyes\AppData\Roaming\Code\User\workspaceStorage\b2614a7c1d711d3cbabaa9c231bc65f0\redhat.java\ss_ws
java_class_path (initial): c:\Users\Rochelle Reyes\.vscode\extensions\redhat.java-1.11.0-win32-x64\server\plugins\org.eclipse.equinox.launcher_1.6.400.v20210924-0641.jar
Launcher Type: SUN_STANDARD

[Global flags]
    uintx AdaptiveSizePolicyWeight                 = 90                                        {product} {command line}
     intx CICompilerCount                          = 3                                         {product} {ergonomic}
    uintx GCTimeRatio                              = 4                                         {product} {command line}
   size_t InitialHeapSize                          = 104857600                                 {product} {command line}
   size_t MaxHeapSize                              = 1073741824                                {product} {command line}
   size_t MaxNewSize                               = 357564416                                 {product} {ergonomic}
   size_t MinHeapDeltaBytes                        = 524288                                    {product} {ergonomic}
   size_t MinHeapSize                              = 104857600                                 {product} {command line}
   size_t NewSize                                  = 34603008                                  {product} {ergonomic}
    uintx NonNMethodCodeHeapSize                   = 5832780                                {pd product} {ergonomic}
    uintx NonProfiledCodeHeapSize                  = 122912730                              {pd product} {ergonomic}
   size_t OldSize                                  = 70254592                                  {product} {ergonomic}
    uintx ProfiledCodeHeapSize                     = 122912730                              {pd product} {ergonomic}
    uintx ReservedCodeCacheSize                    = 251658240                              {pd product} {ergonomic}
     bool SegmentedCodeCache                       = true                                      {product} {ergonomic}
   size_t SoftMaxHeapSize                          = 1073741824                             {manageable} {ergonomic}
     bool UseCompressedClassPointers               = true                           {product lp64_product} {ergonomic}
     bool UseCompressedOops                        = true                           {product lp64_product} {ergonomic}
     bool UseLargePagesIndividualAllocation        = false                                  {pd product} {ergonomic}
     bool UseParallelGC                            = true                                      {product} {command line}

Logging:
Log output configuration:
 #0: stdout all=off uptime,level,tags
 #1: stderr all=off uptime,level,tags

Environment Variables:
PATH=C:\WinAVR-20100110\bin;C:\WinAVR-20100110\utils\bin;C:\Program Files (x86)\Common Files\Oracle\Java\javapath;C:\WINDOWS\system32;C:\WINDOWS;C:\WINDOWS\System32\Wbem;C:\WINDOWS\System32\WindowsPowerShell\v1.0\;C:\WINDOWS\System32\OpenSSH\;C:\TDM-GCC-64\bin;C:\Program Files\Git\cmd;C:\Program Files (x86)\Yarn\bin\;C:\Program Files\nodejs\;C:\Program Files\Java\jdk1.8.0_211\bin\;C:\Program Files\dotnet\;C:\xampp\php;C:\ProgramData\ComposerSetup\bin;C:\Program Files\PuTTY\;C:\MinGW\bin;C:\Users\Rochelle Reyes\AppData\Local\Programs\Python\Python37-32\Scripts\;C:\Users\Rochelle Reyes\AppData\Local\Programs\Python\Python37-32\;C:\Users\Rochelle Reyes\AppData\Local\Microsoft\WindowsApps;C:\Users\Rochelle Reyes\AppData\Local\Yarn\bin;C:\Users\Rochelle Reyes\AppData\Roaming\npm;C:\Users\Rochelle Reyes\AppData\Local\Programs\Microsoft VS Code\bin;C:\Users\Rochelle Reyes\AppData\Local\GitHubDesktop\bin;C:\Program Files\JetBrains\IntelliJ IDEA Community Edition 2019.2.2\bin;;C:\Users\Rochelle Reyes\AppData\Local\Microsoft\WindowsApps;C:\Program Files\JetBrains\PyCharm Community Edition 2019.2.3\bin;;C:\Users\Rochelle Reyes\AppData\Roaming\Composer\vendor\bin;C:\xampp\mysql\bin;;C:\Program Files\JetBrains\PhpStorm 2020.1.1\bin;
USERNAME=Rochelle Reyes
OS=Windows_NT
PROCESSOR_IDENTIFIER=Intel64 Family 6 Model 61 Stepping 4, GenuineIntel
TMP=C:\Users\ROCHEL~1\AppData\Local\Temp
TEMP=C:\Users\ROCHEL~1\AppData\Local\Temp



---------------  S Y S T E M  ---------------

OS:
 Windows 10 , 64 bit Build 18362 (10.0.18362.1110)
OS uptime: 1 days 21:05 hours

CPU: total 4 (initial active 4) (2 cores per cpu, 2 threads per core) family 6 model 61 stepping 4 microcode 0x2b, cx8, cmov, fxsr, ht, mmx, 3dnowpref, sse, sse2, sse3, ssse3, sse4.1, sse4.2, popcnt, lzcnt, tsc, tscinvbit, avx, avx2, aes, erms, clmul, bmi1, bmi2, rtm, adx, fma, vzeroupper, clflush

Memory: 4k page, system-wide physical 8082M (1505M free)
TotalPageFile size 10127M (AvailPageFile size 277M)
current process WorkingSet (physical memory assigned to process): 103M, peak: 103M
current process commit charge ("private bytes"): 202M, peak: 202M

vm_info: OpenJDK 64-Bit Server VM (17.0.4.1+1) for windows-amd64 JRE (17.0.4.1+1), built on Aug 17 2022 07:42:43 by "temurin" with MS VC++ 16.7 (VS2019)

END.
